[0.175s] DEBUG:colcon:Command line arguments: ['/usr/bin/colcon', 'build', '--packages-select', 'roboclaw_hardware', '--cmake-args', '-DCMAKE_BUILD_TYPE=Release']
[0.175s] DEBUG:colcon:Parsed command line arguments: Namespace(log_base=None, log_level=None, verb_name='build', build_base='build', install_base='install', merge_install=False, symlink_install=False, test_result_base=None, continue_on_error=False, executor='parallel', parallel_workers=8, event_handlers=None, ignore_user_meta=False, metas=['./colcon.meta'], base_paths=['.'], packages_ignore=None, packages_ignore_regex=None, paths=None, packages_up_to=None, packages_up_to_regex=None, packages_above=None, packages_above_and_dependencies=None, packages_above_depth=None, packages_select_by_dep=None, packages_skip_by_dep=None, packages_skip_up_to=None, packages_select_build_failed=False, packages_skip_build_finished=False, packages_select_test_failures=False, packages_skip_test_passed=False, packages_select=['roboclaw_hardware'], packages_skip=None, packages_select_regex=None, packages_skip_regex=None, packages_start=None, packages_end=None, cmake_args=['-DCMAKE_BUILD_TYPE=Release'], cmake_target=None, cmake_target_skip_unavailable=False, cmake_clean_cache=False, cmake_clean_first=False, cmake_force_configure=False, ament_cmake_args=None, catkin_cmake_args=None, catkin_skip_building_tests=False, mixin_files=None, mixin=None, verb_parser=<colcon_mixin.mixin.mixin_argument.MixinArgumentDecorator object at 0x75f7b87b1520>, verb_extension=<colcon_core.verb.build.BuildVerb object at 0x75f7b89274d0>, main=<bound method BuildVerb.main of <colcon_core.verb.build.BuildVerb object at 0x75f7b89274d0>>, mixin_verb=('build',))
[0.248s] Level 1:colcon.colcon_core.package_discovery:discover_packages(colcon_meta) check parameters
[0.249s] INFO:colcon.colcon_metadata.package_discovery.colcon_meta:Using configuration from '/root/.colcon/metadata/default/Gazebo.meta'
[0.250s] INFO:colcon.colcon_metadata.package_discovery.colcon_meta:Using configuration from '/root/.colcon/metadata/default/fastdds.meta'
[0.250s] INFO:colcon.colcon_metadata.package_discovery.colcon_meta:Using configuration from '/root/.colcon/metadata/default/fastrtps.meta'
[0.250s] Level 1:colcon.colcon_core.package_discovery:discover_packages(recursive) check parameters
[0.250s] Level 1:colcon.colcon_core.package_discovery:discover_packages(ignore) check parameters
[0.250s] Level 1:colcon.colcon_core.package_discovery:discover_packages(path) check parameters
[0.250s] Level 1:colcon.colcon_core.package_discovery:discover_packages(colcon_meta) discover
[0.251s] Level 1:colcon.colcon_core.package_discovery:discover_packages(recursive) discover
[0.251s] INFO:colcon.colcon_core.package_discovery:Crawling recursively for packages in '/host_ws'
[0.251s] Level 1:colcon.colcon_core.package_identification:_identify(.) by extensions ['ignore', 'ignore_ament_install']
[0.251s] Level 1:colcon.colcon_core.package_identification:_identify(.) by extension 'ignore'
[0.251s] Level 1:colcon.colcon_core.package_identification:_identify(.) by extension 'ignore_ament_install'
[0.251s] Level 1:colcon.colcon_core.package_identification:_identify(.) by extensions ['colcon_pkg']
[0.251s] Level 1:colcon.colcon_core.package_identification:_identify(.) by extension 'colcon_pkg'
[0.251s] Level 1:colcon.colcon_core.package_identification:_identify(.) by extensions ['colcon_meta']
[0.251s] Level 1:colcon.colcon_core.package_identification:_identify(.) by extension 'colcon_meta'
[0.251s] Level 1:colcon.colcon_core.package_identification:_identify(.) by extensions ['ros']
[0.251s] Level 1:colcon.colcon_core.package_identification:_identify(.) by extension 'ros'
[0.292s] Level 1:colcon.colcon_core.package_identification:_identify(.) by extensions ['cmake', 'python']
[0.292s] Level 1:colcon.colcon_core.package_identification:_identify(.) by extension 'cmake'
[0.292s] Level 1:colcon.colcon_core.package_identification:_identify(.) by extension 'python'
[0.292s] Level 1:colcon.colcon_core.package_identification:_identify(.) by extensions ['python_setup_py']
[0.292s] Level 1:colcon.colcon_core.package_identification:_identify(.) by extension 'python_setup_py'
[0.292s] Level 1:colcon.colcon_core.package_identification:_identify(build) by extensions ['ignore', 'ignore_ament_install']
[0.292s] Level 1:colcon.colcon_core.package_identification:_identify(build) by extension 'ignore'
[0.293s] Level 1:colcon.colcon_core.package_identification:_identify(build) ignored
[0.293s] Level 1:colcon.colcon_core.package_identification:_identify(config) by extensions ['ignore', 'ignore_ament_install']
[0.293s] Level 1:colcon.colcon_core.package_identification:_identify(config) by extension 'ignore'
[0.293s] Level 1:colcon.colcon_core.package_identification:_identify(config) by extension 'ignore_ament_install'
[0.293s] Level 1:colcon.colcon_core.package_identification:_identify(config) by extensions ['colcon_pkg']
[0.293s] Level 1:colcon.colcon_core.package_identification:_identify(config) by extension 'colcon_pkg'
[0.293s] Level 1:colcon.colcon_core.package_identification:_identify(config) by extensions ['colcon_meta']
[0.293s] Level 1:colcon.colcon_core.package_identification:_identify(config) by extension 'colcon_meta'
[0.293s] Level 1:colcon.colcon_core.package_identification:_identify(config) by extensions ['ros']
[0.293s] Level 1:colcon.colcon_core.package_identification:_identify(config) by extension 'ros'
[0.293s] Level 1:colcon.colcon_core.package_identification:_identify(config) by extensions ['cmake', 'python']
[0.293s] Level 1:colcon.colcon_core.package_identification:_identify(config) by extension 'cmake'
[0.293s] Level 1:colcon.colcon_core.package_identification:_identify(config) by extension 'python'
[0.293s] Level 1:colcon.colcon_core.package_identification:_identify(config) by extensions ['python_setup_py']
[0.293s] Level 1:colcon.colcon_core.package_identification:_identify(config) by extension 'python_setup_py'
[0.294s] Level 1:colcon.colcon_core.package_identification:_identify(install) by extensions ['ignore', 'ignore_ament_install']
[0.294s] Level 1:colcon.colcon_core.package_identification:_identify(install) by extension 'ignore'
[0.294s] Level 1:colcon.colcon_core.package_identification:_identify(install) ignored
[0.294s] Level 1:colcon.colcon_core.package_identification:_identify(log) by extensions ['ignore', 'ignore_ament_install']
[0.294s] Level 1:colcon.colcon_core.package_identification:_identify(log) by extension 'ignore'
[0.294s] Level 1:colcon.colcon_core.package_identification:_identify(log) ignored
[0.294s] Level 1:colcon.colcon_core.package_identification:_identify(src) by extensions ['ignore', 'ignore_ament_install']
[0.294s] Level 1:colcon.colcon_core.package_identification:_identify(src) by extension 'ignore'
[0.294s] Level 1:colcon.colcon_core.package_identification:_identify(src) by extension 'ignore_ament_install'
[0.294s] Level 1:colcon.colcon_core.package_identification:_identify(src) by extensions ['colcon_pkg']
[0.294s] Level 1:colcon.colcon_core.package_identification:_identify(src) by extension 'colcon_pkg'
[0.294s] Level 1:colcon.colcon_core.package_identification:_identify(src) by extensions ['colcon_meta']
[0.295s] Level 1:colcon.colcon_core.package_identification:_identify(src) by extension 'colcon_meta'
[0.295s] Level 1:colcon.colcon_core.package_identification:_identify(src) by extensions ['ros']
[0.295s] Level 1:colcon.colcon_core.package_identification:_identify(src) by extension 'ros'
[0.295s] Level 1:colcon.colcon_core.package_identification:_identify(src) by extensions ['cmake', 'python']
[0.295s] Level 1:colcon.colcon_core.package_identification:_identify(src) by extension 'cmake'
[0.295s] Level 1:colcon.colcon_core.package_identification:_identify(src) by extension 'python'
[0.295s] Level 1:colcon.colcon_core.package_identification:_identify(src) by extensions ['python_setup_py']
[0.295s] Level 1:colcon.colcon_core.package_identification:_identify(src) by extension 'python_setup_py'
[0.295s] Level 1:colcon.colcon_core.package_identification:_identify(src/basicmicro_python) by extensions ['ignore', 'ignore_ament_install']
[0.295s] Level 1:colcon.colcon_core.package_identification:_identify(src/basicmicro_python) by extension 'ignore'
[0.295s] Level 1:colcon.colcon_core.package_identification:_identify(src/basicmicro_python) by extension 'ignore_ament_install'
[0.295s] Level 1:colcon.colcon_core.package_identification:_identify(src/basicmicro_python) by extensions ['colcon_pkg']
[0.295s] Level 1:colcon.colcon_core.package_identification:_identify(src/basicmicro_python) by extension 'colcon_pkg'
[0.295s] Level 1:colcon.colcon_core.package_identification:_identify(src/basicmicro_python) by extensions ['colcon_meta']
[0.295s] Level 1:colcon.colcon_core.package_identification:_identify(src/basicmicro_python) by extension 'colcon_meta'
[0.296s] Level 1:colcon.colcon_core.package_identification:_identify(src/basicmicro_python) by extensions ['ros']
[0.296s] Level 1:colcon.colcon_core.package_identification:_identify(src/basicmicro_python) by extension 'ros'
[0.296s] Level 1:colcon.colcon_core.package_identification:_identify(src/basicmicro_python) by extensions ['cmake', 'python']
[0.296s] Level 1:colcon.colcon_core.package_identification:_identify(src/basicmicro_python) by extension 'cmake'
[0.296s] Level 1:colcon.colcon_core.package_identification:_identify(src/basicmicro_python) by extension 'python'
[0.296s] Level 1:colcon.colcon_core.package_identification:_identify(src/basicmicro_python) by extensions ['python_setup_py']
[0.296s] Level 1:colcon.colcon_core.package_identification:_identify(src/basicmicro_python) by extension 'python_setup_py'
[0.559s] DEBUG:colcon.colcon_core.package_identification:Package 'src/basicmicro_python' with type 'python' and name 'basicmicro'
[0.560s] Level 1:colcon.colcon_core.package_identification:_identify(src/basicmicro_ros2) by extensions ['ignore', 'ignore_ament_install']
[0.560s] Level 1:colcon.colcon_core.package_identification:_identify(src/basicmicro_ros2) by extension 'ignore'
[0.560s] Level 1:colcon.colcon_core.package_identification:_identify(src/basicmicro_ros2) by extension 'ignore_ament_install'
[0.560s] Level 1:colcon.colcon_core.package_identification:_identify(src/basicmicro_ros2) by extensions ['colcon_pkg']
[0.560s] Level 1:colcon.colcon_core.package_identification:_identify(src/basicmicro_ros2) by extension 'colcon_pkg'
[0.560s] Level 1:colcon.colcon_core.package_identification:_identify(src/basicmicro_ros2) by extensions ['colcon_meta']
[0.560s] Level 1:colcon.colcon_core.package_identification:_identify(src/basicmicro_ros2) by extension 'colcon_meta'
[0.560s] Level 1:colcon.colcon_core.package_identification:_identify(src/basicmicro_ros2) by extensions ['ros']
[0.560s] Level 1:colcon.colcon_core.package_identification:_identify(src/basicmicro_ros2) by extension 'ros'
[0.575s] DEBUG:colcon.colcon_core.package_identification:Package 'src/basicmicro_ros2' with type 'ros.ament_cmake' and name 'basicmicro_ros2'
[0.575s] Level 1:colcon.colcon_core.package_identification:_identify(src/roboclaw_hardware) by extensions ['ignore', 'ignore_ament_install']
[0.575s] Level 1:colcon.colcon_core.package_identification:_identify(src/roboclaw_hardware) by extension 'ignore'
[0.575s] Level 1:colcon.colcon_core.package_identification:_identify(src/roboclaw_hardware) by extension 'ignore_ament_install'
[0.575s] Level 1:colcon.colcon_core.package_identification:_identify(src/roboclaw_hardware) by extensions ['colcon_pkg']
[0.575s] Level 1:colcon.colcon_core.package_identification:_identify(src/roboclaw_hardware) by extension 'colcon_pkg'
[0.575s] Level 1:colcon.colcon_core.package_identification:_identify(src/roboclaw_hardware) by extensions ['colcon_meta']
[0.575s] Level 1:colcon.colcon_core.package_identification:_identify(src/roboclaw_hardware) by extension 'colcon_meta'
[0.575s] Level 1:colcon.colcon_core.package_identification:_identify(src/roboclaw_hardware) by extensions ['ros']
[0.575s] Level 1:colcon.colcon_core.package_identification:_identify(src/roboclaw_hardware) by extension 'ros'
[0.576s] DEBUG:colcon.colcon_core.package_identification:Package 'src/roboclaw_hardware' with type 'ros.ament_cmake' and name 'roboclaw_hardware'
[0.576s] Level 1:colcon.colcon_core.package_identification:_identify(src/roboclaw_tcp_adapter) by extensions ['ignore', 'ignore_ament_install']
[0.576s] Level 1:colcon.colcon_core.package_identification:_identify(src/roboclaw_tcp_adapter) by extension 'ignore'
[0.576s] Level 1:colcon.colcon_core.package_identification:_identify(src/roboclaw_tcp_adapter) by extension 'ignore_ament_install'
[0.576s] Level 1:colcon.colcon_core.package_identification:_identify(src/roboclaw_tcp_adapter) by extensions ['colcon_pkg']
[0.577s] Level 1:colcon.colcon_core.package_identification:_identify(src/roboclaw_tcp_adapter) by extension 'colcon_pkg'
[0.577s] Level 1:colcon.colcon_core.package_identification:_identify(src/roboclaw_tcp_adapter) by extensions ['colcon_meta']
[0.577s] Level 1:colcon.colcon_core.package_identification:_identify(src/roboclaw_tcp_adapter) by extension 'colcon_meta'
[0.577s] Level 1:colcon.colcon_core.package_identification:_identify(src/roboclaw_tcp_adapter) by extensions ['ros']
[0.577s] Level 1:colcon.colcon_core.package_identification:_identify(src/roboclaw_tcp_adapter) by extension 'ros'
[0.577s] DEBUG:colcon.colcon_core.package_identification:Package 'src/roboclaw_tcp_adapter' with type 'ros.ament_python' and name 'roboclaw_tcp_adapter'
[0.577s] Level 1:colcon.colcon_core.package_discovery:discover_packages(recursive) using defaults
[0.577s] Level 1:colcon.colcon_core.package_discovery:discover_packages(ignore) discover
[0.578s] Level 1:colcon.colcon_core.package_discovery:discover_packages(ignore) using defaults
[0.578s] Level 1:colcon.colcon_core.package_discovery:discover_packages(path) discover
[0.578s] Level 1:colcon.colcon_core.package_discovery:discover_packages(path) using defaults
[0.610s] INFO:colcon.colcon_core.package_selection:Skipping not selected package 'basicmicro' in 'src/basicmicro_python'
[0.610s] INFO:colcon.colcon_core.package_selection:Skipping not selected package 'basicmicro_ros2' in 'src/basicmicro_ros2'
[0.610s] INFO:colcon.colcon_core.package_selection:Skipping not selected package 'roboclaw_tcp_adapter' in 'src/roboclaw_tcp_adapter'
[0.610s] Level 5:colcon.colcon_core.verb:set package 'roboclaw_hardware' build argument 'cmake_args' from command line to '['-DCMAKE_BUILD_TYPE=Release']'
[0.610s] Level 5:colcon.colcon_core.verb:set package 'roboclaw_hardware' build argument 'cmake_target' from command line to 'None'
[0.611s] Level 5:colcon.colcon_core.verb:set package 'roboclaw_hardware' build argument 'cmake_target_skip_unavailable' from command line to 'False'
[0.611s] Level 5:colcon.colcon_core.verb:set package 'roboclaw_hardware' build argument 'cmake_clean_cache' from command line to 'False'
[0.611s] Level 5:colcon.colcon_core.verb:set package 'roboclaw_hardware' build argument 'cmake_clean_first' from command line to 'False'
[0.611s] Level 5:colcon.colcon_core.verb:set package 'roboclaw_hardware' build argument 'cmake_force_configure' from command line to 'False'
[0.611s] Level 5:colcon.colcon_core.verb:set package 'roboclaw_hardware' build argument 'ament_cmake_args' from command line to 'None'
[0.611s] Level 5:colcon.colcon_core.verb:set package 'roboclaw_hardware' build argument 'catkin_cmake_args' from command line to 'None'
[0.611s] Level 5:colcon.colcon_core.verb:set package 'roboclaw_hardware' build argument 'catkin_skip_building_tests' from command line to 'False'
[0.611s] DEBUG:colcon.colcon_core.verb:Building package 'roboclaw_hardware' with the following arguments: {'ament_cmake_args': None, 'build_base': '/host_ws/build/roboclaw_hardware', 'catkin_cmake_args': None, 'catkin_skip_building_tests': False, 'cmake_args': ['-DCMAKE_BUILD_TYPE=Release'], 'cmake_clean_cache': False, 'cmake_clean_first': False, 'cmake_force_configure': False, 'cmake_target': None, 'cmake_target_skip_unavailable': False, 'install_base': '/host_ws/install/roboclaw_hardware', 'merge_install': False, 'path': '/host_ws/src/roboclaw_hardware', 'symlink_install': False, 'test_result_base': None}
[0.611s] INFO:colcon.colcon_core.executor:Executing jobs using 'parallel' executor
[0.612s] DEBUG:colcon.colcon_parallel_executor.executor.parallel:run_until_complete
[0.612s] INFO:colcon.colcon_ros.task.ament_cmake.build:Building ROS package in '/host_ws/src/roboclaw_hardware' with build type 'ament_cmake'
[0.612s] INFO:colcon.colcon_cmake.task.cmake.build:Building CMake package in '/host_ws/src/roboclaw_hardware'
[0.616s] INFO:colcon.colcon_core.plugin_system:Skipping extension 'colcon_core.shell.bat': Not used on non-Windows systems
[0.617s] INFO:colcon.colcon_core.shell:Skip shell extension 'powershell' for command environment: Not usable outside of PowerShell
[0.617s] DEBUG:colcon.colcon_core.shell:Skip shell extension 'dsv' for command environment
[0.627s] DEBUG:colcon.colcon_core.event_handler.log_command:Invoking command in '/host_ws/build/roboclaw_hardware': CMAKE_PREFIX_PATH=${CMAKE_PREFIX_PATH}:/opt/ros/jazzy /usr/bin/cmake /host_ws/src/roboclaw_hardware -DCMAKE_BUILD_TYPE=Release -DCMAKE_INSTALL_PREFIX=/host_ws/install/roboclaw_hardware
[2.836s] DEBUG:colcon.colcon_core.event_handler.log_command:Invoked command in '/host_ws/build/roboclaw_hardware' returned '0': CMAKE_PREFIX_PATH=${CMAKE_PREFIX_PATH}:/opt/ros/jazzy /usr/bin/cmake /host_ws/src/roboclaw_hardware -DCMAKE_BUILD_TYPE=Release -DCMAKE_INSTALL_PREFIX=/host_ws/install/roboclaw_hardware
[2.838s] DEBUG:colcon.colcon_core.event_handler.log_command:Invoking command in '/host_ws/build/roboclaw_hardware': CMAKE_PREFIX_PATH=${CMAKE_PREFIX_PATH}:/opt/ros/jazzy /usr/bin/cmake --build /host_ws/build/roboclaw_hardware -- -j8 -l8
[14.173s] DEBUG:colcon.colcon_core.event_handler.log_command:Invoked command in '/host_ws/build/roboclaw_hardware' returned '2': CMAKE_PREFIX_PATH=${CMAKE_PREFIX_PATH}:/opt/ros/jazzy /usr/bin/cmake --build /host_ws/build/roboclaw_hardware -- -j8 -l8
[14.174s] Level 1:colcon.colcon_core.environment:create_environment_scripts_only(roboclaw_hardware)
[14.181s] Level 1:colcon.colcon_core.environment:checking '/host_ws/install/roboclaw_hardware' for CMake module files
[14.182s] Level 1:colcon.colcon_core.environment:checking '/host_ws/install/roboclaw_hardware' for CMake config files
[14.182s] Level 1:colcon.colcon_core.environment:checking '/host_ws/install/roboclaw_hardware/bin'
[14.182s] Level 1:colcon.colcon_core.environment:checking '/host_ws/install/roboclaw_hardware/lib/pkgconfig/roboclaw_hardware.pc'
[14.184s] Level 1:colcon.colcon_core.environment:checking '/host_ws/install/roboclaw_hardware/lib/python3.12/site-packages'
[14.185s] Level 1:colcon.colcon_core.environment:checking '/host_ws/install/roboclaw_hardware/bin'
[14.185s] INFO:colcon.colcon_core.shell:Creating package script '/host_ws/install/roboclaw_hardware/share/roboclaw_hardware/package.ps1'
[14.186s] INFO:colcon.colcon_core.shell:Creating package descriptor '/host_ws/install/roboclaw_hardware/share/roboclaw_hardware/package.dsv'
[14.187s] INFO:colcon.colcon_core.shell:Creating package script '/host_ws/install/roboclaw_hardware/share/roboclaw_hardware/package.sh'
[14.188s] INFO:colcon.colcon_core.shell:Creating package script '/host_ws/install/roboclaw_hardware/share/roboclaw_hardware/package.bash'
[14.189s] INFO:colcon.colcon_core.shell:Creating package script '/host_ws/install/roboclaw_hardware/share/roboclaw_hardware/package.zsh'
[14.190s] Level 1:colcon.colcon_core.environment:create_file_with_runtime_dependencies(/host_ws/install/roboclaw_hardware/share/colcon-core/packages/roboclaw_hardware)
[14.200s] DEBUG:colcon.colcon_parallel_executor.executor.parallel:closing loop
[14.200s] DEBUG:colcon.colcon_parallel_executor.executor.parallel:loop closed
[14.200s] DEBUG:colcon.colcon_parallel_executor.executor.parallel:run_until_complete finished with '2'
[14.200s] DEBUG:colcon.colcon_core.event_reactor:joining thread
[14.213s] INFO:colcon.colcon_core.plugin_system:Skipping extension 'colcon_notification.desktop_notification.notify_send': Could not find 'notify-send'
[14.214s] INFO:colcon.colcon_core.plugin_system:Skipping extension 'colcon_notification.desktop_notification.terminal_notifier': Not used on non-Darwin systems
[14.214s] INFO:colcon.colcon_core.plugin_system:Skipping extension 'colcon_notification.desktop_notification.win32': Not used on non-Windows systems
[14.214s] INFO:colcon.colcon_notification.desktop_notification:Sending desktop notification using 'notify2'
[14.214s] DEBUG:colcon.colcon_notification.desktop_notification.notify2:Failed to initialize notify2: org.freedesktop.DBus.Error.NotSupported: Unable to autolaunch a dbus-daemon without a $DISPLAY for X11
[14.214s] DEBUG:colcon.colcon_core.event_reactor:joined thread
[14.215s] INFO:colcon.colcon_core.shell:Creating prefix script '/host_ws/install/local_setup.ps1'
[14.216s] INFO:colcon.colcon_core.shell:Creating prefix util module '/host_ws/install/_local_setup_util_ps1.py'
[14.218s] INFO:colcon.colcon_core.shell:Creating prefix chain script '/host_ws/install/setup.ps1'
[14.219s] INFO:colcon.colcon_core.shell:Creating prefix script '/host_ws/install/local_setup.sh'
[14.222s] INFO:colcon.colcon_core.shell:Creating prefix util module '/host_ws/install/_local_setup_util_sh.py'
[14.223s] INFO:colcon.colcon_core.shell:Creating prefix chain script '/host_ws/install/setup.sh'
[14.225s] INFO:colcon.colcon_core.shell:Creating prefix script '/host_ws/install/local_setup.bash'
[14.226s] INFO:colcon.colcon_core.shell:Creating prefix chain script '/host_ws/install/setup.bash'
[14.227s] INFO:colcon.colcon_core.shell:Creating prefix script '/host_ws/install/local_setup.zsh'
[14.228s] INFO:colcon.colcon_core.shell:Creating prefix chain script '/host_ws/install/setup.zsh'
