[0.000000] (-) TimerEvent: {}
[0.000220] (-) JobUnselected: {'identifier': 'basicmicro'}
[0.000484] (-) JobUnselected: {'identifier': 'basicmicro_ros2'}
[0.000759] (-) JobUnselected: {'identifier': 'roboclaw_tcp_adapter'}
[0.000796] (roboclaw_hardware) JobQueued: {'identifier': 'roboclaw_hardware', 'dependencies': OrderedDict()}
[0.000874] (roboclaw_hardware) JobStarted: {'identifier': 'roboclaw_hardware'}
[0.013650] (roboclaw_hardware) JobProgress: {'identifier': 'roboclaw_hardware', 'progress': 'cmake'}
[0.014866] (roboclaw_hardware) JobProgress: {'identifier': 'roboclaw_hardware', 'progress': 'build'}
[0.016261] (roboclaw_hardware) Command: {'cmd': ['/usr/bin/cmake', '--build', '/host_ws/build/roboclaw_hardware', '--', '-j8', '-l8'], 'cwd': '/host_ws/build/roboclaw_hardware', 'env': OrderedDict({'GZ_CONFIG_PATH': '/opt/ros/jazzy/opt/sdformat_vendor/share/gz', 'HOSTNAME': '150ddbcad066', 'SHLVL': '0', 'LD_LIBRARY_PATH': '/opt/ros/jazzy/opt/sdformat_vendor/lib:/opt/ros/jazzy/opt/gz_math_vendor/lib:/opt/ros/jazzy/opt/gz_utils_vendor/lib:/opt/ros/jazzy/opt/gz_tools_vendor/lib:/opt/ros/jazzy/opt/gz_cmake_vendor/lib:/opt/ros/jazzy/lib/x86_64-linux-gnu:/opt/ros/jazzy/lib', 'HOME': '/root', 'ROS_PYTHON_VERSION': '3', 'ROS_DISTRO': 'jazzy', '_': '/usr/bin/colcon', 'ROS_VERSION': '2', 'PATH': '/opt/ros/jazzy/opt/gz_tools_vendor/bin:/opt/ros/jazzy/bin:/usr/local/sbin:/usr/local/bin:/usr/sbin:/usr/bin:/sbin:/bin', 'LANG': 'C.UTF-8', 'AMENT_PREFIX_PATH': '/opt/ros/jazzy', 'ROS_AUTOMATIC_DISCOVERY_RANGE': 'SUBNET', 'PWD': '/host_ws/build/roboclaw_hardware', 'LC_ALL': 'C.UTF-8', 'PYTHONPATH': '/opt/ros/jazzy/lib/python3.12/site-packages', 'COLCON': '1', 'CMAKE_PREFIX_PATH': '/opt/ros/jazzy/opt/sdformat_vendor:/opt/ros/jazzy/opt/gz_math_vendor:/opt/ros/jazzy/opt/gz_utils_vendor:/opt/ros/jazzy/opt/gz_tools_vendor:/opt/ros/jazzy/opt/gz_cmake_vendor:/opt/ros/jazzy'}), 'shell': False}
[0.099762] (-) TimerEvent: {}
[0.111576] (roboclaw_hardware) StdoutLine: {'line': b'[ 30%] Built target gtest\n'}
[0.111819] (roboclaw_hardware) StdoutLine: {'line': b'[ 30%] Built target gtest_main\n'}
[0.132950] (roboclaw_hardware) StdoutLine: {'line': b'[ 38%] Building CXX object CMakeFiles/roboclaw_hardware.dir/src/roboclaw_protocol.cpp.o\n'}
[0.199901] (-) TimerEvent: {}
[0.300080] (-) TimerEvent: {}
[0.400262] (-) TimerEvent: {}
[0.500453] (-) TimerEvent: {}
[0.600649] (-) TimerEvent: {}
[0.700849] (-) TimerEvent: {}
[0.801000] (-) TimerEvent: {}
[0.901164] (-) TimerEvent: {}
[0.939772] (roboclaw_hardware) StdoutLine: {'line': b'[ 46%] Linking CXX shared library libroboclaw_hardware.so\n'}
[1.001293] (-) TimerEvent: {}
[1.101488] (-) TimerEvent: {}
[1.189379] (roboclaw_hardware) StdoutLine: {'line': b'[ 69%] Built target roboclaw_hardware\n'}
[1.201620] (-) TimerEvent: {}
[1.226132] (roboclaw_hardware) StdoutLine: {'line': b'[ 76%] Linking CXX executable test_unit_converter\n'}
[1.232322] (roboclaw_hardware) StdoutLine: {'line': b'[ 84%] Linking CXX executable test_protocol_crc\n'}
[1.301748] (-) TimerEvent: {}
[1.401908] (-) TimerEvent: {}
[1.502141] (-) TimerEvent: {}
[1.511514] (roboclaw_hardware) StdoutLine: {'line': b'[ 92%] Built target test_protocol_crc\n'}
[1.512694] (roboclaw_hardware) StdoutLine: {'line': b'[100%] Built target test_unit_converter\n'}
[1.530721] (roboclaw_hardware) CommandEnded: {'returncode': 0}
[1.531671] (roboclaw_hardware) JobProgress: {'identifier': 'roboclaw_hardware', 'progress': 'install'}
[1.545146] (roboclaw_hardware) Command: {'cmd': ['/usr/bin/cmake', '--install', '/host_ws/build/roboclaw_hardware'], 'cwd': '/host_ws/build/roboclaw_hardware', 'env': OrderedDict({'GZ_CONFIG_PATH': '/opt/ros/jazzy/opt/sdformat_vendor/share/gz', 'HOSTNAME': '150ddbcad066', 'SHLVL': '0', 'LD_LIBRARY_PATH': '/opt/ros/jazzy/opt/sdformat_vendor/lib:/opt/ros/jazzy/opt/gz_math_vendor/lib:/opt/ros/jazzy/opt/gz_utils_vendor/lib:/opt/ros/jazzy/opt/gz_tools_vendor/lib:/opt/ros/jazzy/opt/gz_cmake_vendor/lib:/opt/ros/jazzy/lib/x86_64-linux-gnu:/opt/ros/jazzy/lib', 'HOME': '/root', 'ROS_PYTHON_VERSION': '3', 'ROS_DISTRO': 'jazzy', '_': '/usr/bin/colcon', 'ROS_VERSION': '2', 'PATH': '/opt/ros/jazzy/opt/gz_tools_vendor/bin:/opt/ros/jazzy/bin:/usr/local/sbin:/usr/local/bin:/usr/sbin:/usr/bin:/sbin:/bin', 'LANG': 'C.UTF-8', 'AMENT_PREFIX_PATH': '/opt/ros/jazzy', 'ROS_AUTOMATIC_DISCOVERY_RANGE': 'SUBNET', 'PWD': '/host_ws/build/roboclaw_hardware', 'LC_ALL': 'C.UTF-8', 'PYTHONPATH': '/opt/ros/jazzy/lib/python3.12/site-packages', 'COLCON': '1', 'CMAKE_PREFIX_PATH': '/opt/ros/jazzy/opt/sdformat_vendor:/opt/ros/jazzy/opt/gz_math_vendor:/opt/ros/jazzy/opt/gz_utils_vendor:/opt/ros/jazzy/opt/gz_tools_vendor:/opt/ros/jazzy/opt/gz_cmake_vendor:/opt/ros/jazzy'}), 'shell': False}
[1.560259] (roboclaw_hardware) StdoutLine: {'line': b'-- Install configuration: "Release"\n'}
[1.560598] (roboclaw_hardware) StdoutLine: {'line': b'-- Up-to-date: /host_ws/install/roboclaw_hardware/share/roboclaw_hardware/roboclaw_hardware_plugin.xml\n'}
[1.560918] (roboclaw_hardware) StdoutLine: {'line': b'-- Installing: /host_ws/install/roboclaw_hardware/lib/libroboclaw_hardware.so\n'}
[1.562081] (roboclaw_hardware) StdoutLine: {'line': b'-- Set non-toolchain portion of runtime path of "/host_ws/install/roboclaw_hardware/lib/libroboclaw_hardware.so" to ""\n'}
[1.562886] (roboclaw_hardware) StdoutLine: {'line': b'-- Up-to-date: /host_ws/install/roboclaw_hardware/include/roboclaw_hardware\n'}
[1.563067] (roboclaw_hardware) StdoutLine: {'line': b'-- Up-to-date: /host_ws/install/roboclaw_hardware/include/roboclaw_hardware/roboclaw_hardware\n'}
[1.563255] (roboclaw_hardware) StdoutLine: {'line': b'-- Up-to-date: /host_ws/install/roboclaw_hardware/include/roboclaw_hardware/roboclaw_hardware/roboclaw_protocol.hpp\n'}
[1.563410] (roboclaw_hardware) StdoutLine: {'line': b'-- Up-to-date: /host_ws/install/roboclaw_hardware/include/roboclaw_hardware/roboclaw_hardware/roboclaw_tcp.hpp\n'}
[1.563561] (roboclaw_hardware) StdoutLine: {'line': b'-- Up-to-date: /host_ws/install/roboclaw_hardware/include/roboclaw_hardware/roboclaw_hardware/visibility_control.h\n'}
[1.563709] (roboclaw_hardware) StdoutLine: {'line': b'-- Up-to-date: /host_ws/install/roboclaw_hardware/include/roboclaw_hardware/roboclaw_hardware/roboclaw_hardware.hpp\n'}
[1.563877] (roboclaw_hardware) StdoutLine: {'line': b'-- Up-to-date: /host_ws/install/roboclaw_hardware/include/roboclaw_hardware/roboclaw_hardware/unit_converter.hpp\n'}
[1.564051] (roboclaw_hardware) StdoutLine: {'line': b'-- Up-to-date: /host_ws/install/roboclaw_hardware/share/roboclaw_hardware/config\n'}
[1.564204] (roboclaw_hardware) StdoutLine: {'line': b'-- Up-to-date: /host_ws/install/roboclaw_hardware/share/roboclaw_hardware/config/diff_drive_controllers.yaml\n'}
[1.564360] (roboclaw_hardware) StdoutLine: {'line': b'-- Up-to-date: /host_ws/install/roboclaw_hardware/share/roboclaw_hardware/launch\n'}
[1.564521] (roboclaw_hardware) StdoutLine: {'line': b'-- Up-to-date: /host_ws/install/roboclaw_hardware/share/roboclaw_hardware/launch/roboclaw.launch.py\n'}
[1.564676] (roboclaw_hardware) StdoutLine: {'line': b'-- Up-to-date: /host_ws/install/roboclaw_hardware/share/roboclaw_hardware/urdf\n'}
[1.565179] (roboclaw_hardware) StdoutLine: {'line': b'-- Up-to-date: /host_ws/install/roboclaw_hardware/share/roboclaw_hardware/urdf/roboclaw_diff_drive.urdf.xacro\n'}
[1.565772] (roboclaw_hardware) StdoutLine: {'line': b'-- Up-to-date: /host_ws/install/roboclaw_hardware/share/roboclaw_hardware/environment/library_path.sh\n'}
[1.566006] (roboclaw_hardware) StdoutLine: {'line': b'-- Up-to-date: /host_ws/install/roboclaw_hardware/share/roboclaw_hardware/environment/library_path.dsv\n'}
[1.566209] (roboclaw_hardware) StdoutLine: {'line': b'-- Up-to-date: /host_ws/install/roboclaw_hardware/share/ament_index/resource_index/package_run_dependencies/roboclaw_hardware\n'}
[1.566409] (roboclaw_hardware) StdoutLine: {'line': b'-- Up-to-date: /host_ws/install/roboclaw_hardware/share/ament_index/resource_index/parent_prefix_path/roboclaw_hardware\n'}
[1.566606] (roboclaw_hardware) StdoutLine: {'line': b'-- Up-to-date: /host_ws/install/roboclaw_hardware/share/roboclaw_hardware/environment/ament_prefix_path.sh\n'}
[1.566826] (roboclaw_hardware) StdoutLine: {'line': b'-- Up-to-date: /host_ws/install/roboclaw_hardware/share/roboclaw_hardware/environment/ament_prefix_path.dsv\n'}
[1.567032] (roboclaw_hardware) StdoutLine: {'line': b'-- Up-to-date: /host_ws/install/roboclaw_hardware/share/roboclaw_hardware/environment/path.sh\n'}
[1.567239] (roboclaw_hardware) StdoutLine: {'line': b'-- Up-to-date: /host_ws/install/roboclaw_hardware/share/roboclaw_hardware/environment/path.dsv\n'}
[1.567438] (roboclaw_hardware) StdoutLine: {'line': b'-- Up-to-date: /host_ws/install/roboclaw_hardware/share/roboclaw_hardware/local_setup.bash\n'}
[1.567636] (roboclaw_hardware) StdoutLine: {'line': b'-- Up-to-date: /host_ws/install/roboclaw_hardware/share/roboclaw_hardware/local_setup.sh\n'}
[1.567924] (roboclaw_hardware) StdoutLine: {'line': b'-- Up-to-date: /host_ws/install/roboclaw_hardware/share/roboclaw_hardware/local_setup.zsh\n'}
[1.568268] (roboclaw_hardware) StdoutLine: {'line': b'-- Up-to-date: /host_ws/install/roboclaw_hardware/share/roboclaw_hardware/local_setup.dsv\n'}
[1.568830] (roboclaw_hardware) StdoutLine: {'line': b'-- Installing: /host_ws/install/roboclaw_hardware/share/roboclaw_hardware/package.dsv\n'}
[1.569051] (roboclaw_hardware) StdoutLine: {'line': b'-- Up-to-date: /host_ws/install/roboclaw_hardware/share/ament_index/resource_index/packages/roboclaw_hardware\n'}
[1.569154] (roboclaw_hardware) StdoutLine: {'line': b'-- Up-to-date: /host_ws/install/roboclaw_hardware/share/ament_index/resource_index/hardware_interface__pluginlib__plugin/roboclaw_hardware\n'}
[1.569252] (roboclaw_hardware) StdoutLine: {'line': b'-- Up-to-date: /host_ws/install/roboclaw_hardware/share/roboclaw_hardware/cmake/export_roboclaw_hardwareExport.cmake\n'}
[1.569349] (roboclaw_hardware) StdoutLine: {'line': b'-- Up-to-date: /host_ws/install/roboclaw_hardware/share/roboclaw_hardware/cmake/export_roboclaw_hardwareExport-release.cmake\n'}
[1.569498] (roboclaw_hardware) StdoutLine: {'line': b'-- Up-to-date: /host_ws/install/roboclaw_hardware/share/roboclaw_hardware/cmake/ament_cmake_export_targets-extras.cmake\n'}
[1.569596] (roboclaw_hardware) StdoutLine: {'line': b'-- Up-to-date: /host_ws/install/roboclaw_hardware/share/roboclaw_hardware/cmake/ament_cmake_export_dependencies-extras.cmake\n'}
[1.569690] (roboclaw_hardware) StdoutLine: {'line': b'-- Up-to-date: /host_ws/install/roboclaw_hardware/share/roboclaw_hardware/cmake/roboclaw_hardwareConfig.cmake\n'}
[1.569848] (roboclaw_hardware) StdoutLine: {'line': b'-- Up-to-date: /host_ws/install/roboclaw_hardware/share/roboclaw_hardware/cmake/roboclaw_hardwareConfig-version.cmake\n'}
[1.570170] (roboclaw_hardware) StdoutLine: {'line': b'-- Up-to-date: /host_ws/install/roboclaw_hardware/share/roboclaw_hardware/package.xml\n'}
[1.570375] (roboclaw_hardware) CommandEnded: {'returncode': 0}
[1.602259] (-) TimerEvent: {}
[1.604413] (roboclaw_hardware) JobEnded: {'identifier': 'roboclaw_hardware', 'rc': 0}
[1.605370] (-) EventReactorShutdown: {}
