[0.157s] DEBUG:colcon:Command line arguments: ['/usr/bin/colcon', 'build', '--packages-select', 'roboclaw_hardware', '--cmake-args', '-DCMAKE_BUILD_TYPE=Release']
[0.157s] DEBUG:colcon:Parsed command line arguments: Namespace(log_base=None, log_level=None, verb_name='build', build_base='build', install_base='install', merge_install=False, symlink_install=False, test_result_base=None, continue_on_error=False, executor='parallel', parallel_workers=8, event_handlers=None, ignore_user_meta=False, metas=['./colcon.meta'], base_paths=['.'], packages_ignore=None, packages_ignore_regex=None, paths=None, packages_up_to=None, packages_up_to_regex=None, packages_above=None, packages_above_and_dependencies=None, packages_above_depth=None, packages_select_by_dep=None, packages_skip_by_dep=None, packages_skip_up_to=None, packages_select_build_failed=False, packages_skip_build_finished=False, packages_select_test_failures=False, packages_skip_test_passed=False, packages_select=['roboclaw_hardware'], packages_skip=None, packages_select_regex=None, packages_skip_regex=None, packages_start=None, packages_end=None, cmake_args=['-DCMAKE_BUILD_TYPE=Release'], cmake_target=None, cmake_target_skip_unavailable=False, cmake_clean_cache=False, cmake_clean_first=False, cmake_force_configure=False, ament_cmake_args=None, catkin_cmake_args=None, catkin_skip_building_tests=False, mixin_files=None, mixin=None, verb_parser=<colcon_mixin.mixin.mixin_argument.MixinArgumentDecorator object at 0x70dd6ff0d7f0>, verb_extension=<colcon_core.verb.build.BuildVerb object at 0x70dd700874a0>, main=<bound method BuildVerb.main of <colcon_core.verb.build.BuildVerb object at 0x70dd700874a0>>, mixin_verb=('build',))
[0.213s] Level 1:colcon.colcon_core.package_discovery:discover_packages(colcon_meta) check parameters
[0.214s] INFO:colcon.colcon_metadata.package_discovery.colcon_meta:Using configuration from '/root/.colcon/metadata/default/Gazebo.meta'
[0.215s] INFO:colcon.colcon_metadata.package_discovery.colcon_meta:Using configuration from '/root/.colcon/metadata/default/fastdds.meta'
[0.215s] INFO:colcon.colcon_metadata.package_discovery.colcon_meta:Using configuration from '/root/.colcon/metadata/default/fastrtps.meta'
[0.215s] Level 1:colcon.colcon_core.package_discovery:discover_packages(recursive) check parameters
[0.215s] Level 1:colcon.colcon_core.package_discovery:discover_packages(ignore) check parameters
[0.215s] Level 1:colcon.colcon_core.package_discovery:discover_packages(path) check parameters
[0.215s] Level 1:colcon.colcon_core.package_discovery:discover_packages(colcon_meta) discover
[0.215s] Level 1:colcon.colcon_core.package_discovery:discover_packages(recursive) discover
[0.215s] INFO:colcon.colcon_core.package_discovery:Crawling recursively for packages in '/host_ws'
[0.215s] Level 1:colcon.colcon_core.package_identification:_identify(.) by extensions ['ignore', 'ignore_ament_install']
[0.216s] Level 1:colcon.colcon_core.package_identification:_identify(.) by extension 'ignore'
[0.216s] Level 1:colcon.colcon_core.package_identification:_identify(.) by extension 'ignore_ament_install'
[0.216s] Level 1:colcon.colcon_core.package_identification:_identify(.) by extensions ['colcon_pkg']
[0.216s] Level 1:colcon.colcon_core.package_identification:_identify(.) by extension 'colcon_pkg'
[0.216s] Level 1:colcon.colcon_core.package_identification:_identify(.) by extensions ['colcon_meta']
[0.216s] Level 1:colcon.colcon_core.package_identification:_identify(.) by extension 'colcon_meta'
[0.216s] Level 1:colcon.colcon_core.package_identification:_identify(.) by extensions ['ros']
[0.216s] Level 1:colcon.colcon_core.package_identification:_identify(.) by extension 'ros'
[0.270s] Level 1:colcon.colcon_core.package_identification:_identify(.) by extensions ['cmake', 'python']
[0.270s] Level 1:colcon.colcon_core.package_identification:_identify(.) by extension 'cmake'
[0.270s] Level 1:colcon.colcon_core.package_identification:_identify(.) by extension 'python'
[0.270s] Level 1:colcon.colcon_core.package_identification:_identify(.) by extensions ['python_setup_py']
[0.270s] Level 1:colcon.colcon_core.package_identification:_identify(.) by extension 'python_setup_py'
[0.270s] Level 1:colcon.colcon_core.package_identification:_identify(build) by extensions ['ignore', 'ignore_ament_install']
[0.270s] Level 1:colcon.colcon_core.package_identification:_identify(build) by extension 'ignore'
[0.270s] Level 1:colcon.colcon_core.package_identification:_identify(build) ignored
[0.271s] Level 1:colcon.colcon_core.package_identification:_identify(config) by extensions ['ignore', 'ignore_ament_install']
[0.271s] Level 1:colcon.colcon_core.package_identification:_identify(config) by extension 'ignore'
[0.271s] Level 1:colcon.colcon_core.package_identification:_identify(config) by extension 'ignore_ament_install'
[0.271s] Level 1:colcon.colcon_core.package_identification:_identify(config) by extensions ['colcon_pkg']
[0.271s] Level 1:colcon.colcon_core.package_identification:_identify(config) by extension 'colcon_pkg'
[0.271s] Level 1:colcon.colcon_core.package_identification:_identify(config) by extensions ['colcon_meta']
[0.271s] Level 1:colcon.colcon_core.package_identification:_identify(config) by extension 'colcon_meta'
[0.271s] Level 1:colcon.colcon_core.package_identification:_identify(config) by extensions ['ros']
[0.271s] Level 1:colcon.colcon_core.package_identification:_identify(config) by extension 'ros'
[0.271s] Level 1:colcon.colcon_core.package_identification:_identify(config) by extensions ['cmake', 'python']
[0.271s] Level 1:colcon.colcon_core.package_identification:_identify(config) by extension 'cmake'
[0.271s] Level 1:colcon.colcon_core.package_identification:_identify(config) by extension 'python'
[0.271s] Level 1:colcon.colcon_core.package_identification:_identify(config) by extensions ['python_setup_py']
[0.271s] Level 1:colcon.colcon_core.package_identification:_identify(config) by extension 'python_setup_py'
[0.271s] Level 1:colcon.colcon_core.package_identification:_identify(install) by extensions ['ignore', 'ignore_ament_install']
[0.272s] Level 1:colcon.colcon_core.package_identification:_identify(install) by extension 'ignore'
[0.272s] Level 1:colcon.colcon_core.package_identification:_identify(install) ignored
[0.272s] Level 1:colcon.colcon_core.package_identification:_identify(log) by extensions ['ignore', 'ignore_ament_install']
[0.272s] Level 1:colcon.colcon_core.package_identification:_identify(log) by extension 'ignore'
[0.272s] Level 1:colcon.colcon_core.package_identification:_identify(log) ignored
[0.272s] Level 1:colcon.colcon_core.package_identification:_identify(src) by extensions ['ignore', 'ignore_ament_install']
[0.272s] Level 1:colcon.colcon_core.package_identification:_identify(src) by extension 'ignore'
[0.272s] Level 1:colcon.colcon_core.package_identification:_identify(src) by extension 'ignore_ament_install'
[0.272s] Level 1:colcon.colcon_core.package_identification:_identify(src) by extensions ['colcon_pkg']
[0.272s] Level 1:colcon.colcon_core.package_identification:_identify(src) by extension 'colcon_pkg'
[0.272s] Level 1:colcon.colcon_core.package_identification:_identify(src) by extensions ['colcon_meta']
[0.272s] Level 1:colcon.colcon_core.package_identification:_identify(src) by extension 'colcon_meta'
[0.272s] Level 1:colcon.colcon_core.package_identification:_identify(src) by extensions ['ros']
[0.273s] Level 1:colcon.colcon_core.package_identification:_identify(src) by extension 'ros'
[0.273s] Level 1:colcon.colcon_core.package_identification:_identify(src) by extensions ['cmake', 'python']
[0.273s] Level 1:colcon.colcon_core.package_identification:_identify(src) by extension 'cmake'
[0.273s] Level 1:colcon.colcon_core.package_identification:_identify(src) by extension 'python'
[0.273s] Level 1:colcon.colcon_core.package_identification:_identify(src) by extensions ['python_setup_py']
[0.273s] Level 1:colcon.colcon_core.package_identification:_identify(src) by extension 'python_setup_py'
[0.273s] Level 1:colcon.colcon_core.package_identification:_identify(src/basicmicro_python) by extensions ['ignore', 'ignore_ament_install']
[0.273s] Level 1:colcon.colcon_core.package_identification:_identify(src/basicmicro_python) by extension 'ignore'
[0.273s] Level 1:colcon.colcon_core.package_identification:_identify(src/basicmicro_python) by extension 'ignore_ament_install'
[0.273s] Level 1:colcon.colcon_core.package_identification:_identify(src/basicmicro_python) by extensions ['colcon_pkg']
[0.273s] Level 1:colcon.colcon_core.package_identification:_identify(src/basicmicro_python) by extension 'colcon_pkg'
[0.273s] Level 1:colcon.colcon_core.package_identification:_identify(src/basicmicro_python) by extensions ['colcon_meta']
[0.273s] Level 1:colcon.colcon_core.package_identification:_identify(src/basicmicro_python) by extension 'colcon_meta'
[0.273s] Level 1:colcon.colcon_core.package_identification:_identify(src/basicmicro_python) by extensions ['ros']
[0.273s] Level 1:colcon.colcon_core.package_identification:_identify(src/basicmicro_python) by extension 'ros'
[0.274s] Level 1:colcon.colcon_core.package_identification:_identify(src/basicmicro_python) by extensions ['cmake', 'python']
[0.274s] Level 1:colcon.colcon_core.package_identification:_identify(src/basicmicro_python) by extension 'cmake'
[0.274s] Level 1:colcon.colcon_core.package_identification:_identify(src/basicmicro_python) by extension 'python'
[0.274s] Level 1:colcon.colcon_core.package_identification:_identify(src/basicmicro_python) by extensions ['python_setup_py']
[0.274s] Level 1:colcon.colcon_core.package_identification:_identify(src/basicmicro_python) by extension 'python_setup_py'
[0.525s] DEBUG:colcon.colcon_core.package_identification:Package 'src/basicmicro_python' with type 'python' and name 'basicmicro'
[0.525s] Level 1:colcon.colcon_core.package_identification:_identify(src/basicmicro_ros2) by extensions ['ignore', 'ignore_ament_install']
[0.525s] Level 1:colcon.colcon_core.package_identification:_identify(src/basicmicro_ros2) by extension 'ignore'
[0.525s] Level 1:colcon.colcon_core.package_identification:_identify(src/basicmicro_ros2) by extension 'ignore_ament_install'
[0.525s] Level 1:colcon.colcon_core.package_identification:_identify(src/basicmicro_ros2) by extensions ['colcon_pkg']
[0.526s] Level 1:colcon.colcon_core.package_identification:_identify(src/basicmicro_ros2) by extension 'colcon_pkg'
[0.526s] Level 1:colcon.colcon_core.package_identification:_identify(src/basicmicro_ros2) by extensions ['colcon_meta']
[0.526s] Level 1:colcon.colcon_core.package_identification:_identify(src/basicmicro_ros2) by extension 'colcon_meta'
[0.526s] Level 1:colcon.colcon_core.package_identification:_identify(src/basicmicro_ros2) by extensions ['ros']
[0.526s] Level 1:colcon.colcon_core.package_identification:_identify(src/basicmicro_ros2) by extension 'ros'
[0.534s] DEBUG:colcon.colcon_core.package_identification:Package 'src/basicmicro_ros2' with type 'ros.ament_cmake' and name 'basicmicro_ros2'
[0.534s] Level 1:colcon.colcon_core.package_identification:_identify(src/roboclaw_hardware) by extensions ['ignore', 'ignore_ament_install']
[0.535s] Level 1:colcon.colcon_core.package_identification:_identify(src/roboclaw_hardware) by extension 'ignore'
[0.535s] Level 1:colcon.colcon_core.package_identification:_identify(src/roboclaw_hardware) by extension 'ignore_ament_install'
[0.535s] Level 1:colcon.colcon_core.package_identification:_identify(src/roboclaw_hardware) by extensions ['colcon_pkg']
[0.535s] Level 1:colcon.colcon_core.package_identification:_identify(src/roboclaw_hardware) by extension 'colcon_pkg'
[0.535s] Level 1:colcon.colcon_core.package_identification:_identify(src/roboclaw_hardware) by extensions ['colcon_meta']
[0.535s] Level 1:colcon.colcon_core.package_identification:_identify(src/roboclaw_hardware) by extension 'colcon_meta'
[0.535s] Level 1:colcon.colcon_core.package_identification:_identify(src/roboclaw_hardware) by extensions ['ros']
[0.535s] Level 1:colcon.colcon_core.package_identification:_identify(src/roboclaw_hardware) by extension 'ros'
[0.536s] DEBUG:colcon.colcon_core.package_identification:Package 'src/roboclaw_hardware' with type 'ros.ament_cmake' and name 'roboclaw_hardware'
[0.537s] Level 1:colcon.colcon_core.package_identification:_identify(src/roboclaw_tcp_adapter) by extensions ['ignore', 'ignore_ament_install']
[0.537s] Level 1:colcon.colcon_core.package_identification:_identify(src/roboclaw_tcp_adapter) by extension 'ignore'
[0.537s] Level 1:colcon.colcon_core.package_identification:_identify(src/roboclaw_tcp_adapter) by extension 'ignore_ament_install'
[0.537s] Level 1:colcon.colcon_core.package_identification:_identify(src/roboclaw_tcp_adapter) by extensions ['colcon_pkg']
[0.537s] Level 1:colcon.colcon_core.package_identification:_identify(src/roboclaw_tcp_adapter) by extension 'colcon_pkg'
[0.537s] Level 1:colcon.colcon_core.package_identification:_identify(src/roboclaw_tcp_adapter) by extensions ['colcon_meta']
[0.537s] Level 1:colcon.colcon_core.package_identification:_identify(src/roboclaw_tcp_adapter) by extension 'colcon_meta'
[0.537s] Level 1:colcon.colcon_core.package_identification:_identify(src/roboclaw_tcp_adapter) by extensions ['ros']
[0.537s] Level 1:colcon.colcon_core.package_identification:_identify(src/roboclaw_tcp_adapter) by extension 'ros'
[0.538s] DEBUG:colcon.colcon_core.package_identification:Package 'src/roboclaw_tcp_adapter' with type 'ros.ament_python' and name 'roboclaw_tcp_adapter'
[0.538s] Level 1:colcon.colcon_core.package_discovery:discover_packages(recursive) using defaults
[0.538s] Level 1:colcon.colcon_core.package_discovery:discover_packages(ignore) discover
[0.538s] Level 1:colcon.colcon_core.package_discovery:discover_packages(ignore) using defaults
[0.538s] Level 1:colcon.colcon_core.package_discovery:discover_packages(path) discover
[0.538s] Level 1:colcon.colcon_core.package_discovery:discover_packages(path) using defaults
[0.569s] INFO:colcon.colcon_core.package_selection:Skipping not selected package 'basicmicro' in 'src/basicmicro_python'
[0.569s] INFO:colcon.colcon_core.package_selection:Skipping not selected package 'basicmicro_ros2' in 'src/basicmicro_ros2'
[0.569s] INFO:colcon.colcon_core.package_selection:Skipping not selected package 'roboclaw_tcp_adapter' in 'src/roboclaw_tcp_adapter'
[0.570s] Level 5:colcon.colcon_core.verb:set package 'roboclaw_hardware' build argument 'cmake_args' from command line to '['-DCMAKE_BUILD_TYPE=Release']'
[0.570s] Level 5:colcon.colcon_core.verb:set package 'roboclaw_hardware' build argument 'cmake_target' from command line to 'None'
[0.570s] Level 5:colcon.colcon_core.verb:set package 'roboclaw_hardware' build argument 'cmake_target_skip_unavailable' from command line to 'False'
[0.570s] Level 5:colcon.colcon_core.verb:set package 'roboclaw_hardware' build argument 'cmake_clean_cache' from command line to 'False'
[0.570s] Level 5:colcon.colcon_core.verb:set package 'roboclaw_hardware' build argument 'cmake_clean_first' from command line to 'False'
[0.570s] Level 5:colcon.colcon_core.verb:set package 'roboclaw_hardware' build argument 'cmake_force_configure' from command line to 'False'
[0.570s] Level 5:colcon.colcon_core.verb:set package 'roboclaw_hardware' build argument 'ament_cmake_args' from command line to 'None'
[0.570s] Level 5:colcon.colcon_core.verb:set package 'roboclaw_hardware' build argument 'catkin_cmake_args' from command line to 'None'
[0.570s] Level 5:colcon.colcon_core.verb:set package 'roboclaw_hardware' build argument 'catkin_skip_building_tests' from command line to 'False'
[0.570s] DEBUG:colcon.colcon_core.verb:Building package 'roboclaw_hardware' with the following arguments: {'ament_cmake_args': None, 'build_base': '/host_ws/build/roboclaw_hardware', 'catkin_cmake_args': None, 'catkin_skip_building_tests': False, 'cmake_args': ['-DCMAKE_BUILD_TYPE=Release'], 'cmake_clean_cache': False, 'cmake_clean_first': False, 'cmake_force_configure': False, 'cmake_target': None, 'cmake_target_skip_unavailable': False, 'install_base': '/host_ws/install/roboclaw_hardware', 'merge_install': False, 'path': '/host_ws/src/roboclaw_hardware', 'symlink_install': False, 'test_result_base': None}
[0.571s] INFO:colcon.colcon_core.executor:Executing jobs using 'parallel' executor
[0.572s] DEBUG:colcon.colcon_parallel_executor.executor.parallel:run_until_complete
[0.572s] INFO:colcon.colcon_ros.task.ament_cmake.build:Building ROS package in '/host_ws/src/roboclaw_hardware' with build type 'ament_cmake'
[0.572s] INFO:colcon.colcon_cmake.task.cmake.build:Building CMake package in '/host_ws/src/roboclaw_hardware'
[0.575s] INFO:colcon.colcon_core.plugin_system:Skipping extension 'colcon_core.shell.bat': Not used on non-Windows systems
[0.575s] INFO:colcon.colcon_core.shell:Skip shell extension 'powershell' for command environment: Not usable outside of PowerShell
[0.576s] DEBUG:colcon.colcon_core.shell:Skip shell extension 'dsv' for command environment
[0.590s] DEBUG:colcon.colcon_core.event_handler.log_command:Invoking command in '/host_ws/build/roboclaw_hardware': CMAKE_PREFIX_PATH=${CMAKE_PREFIX_PATH}:/opt/ros/jazzy /usr/bin/cmake --build /host_ws/build/roboclaw_hardware -- -j8 -l8
[15.576s] DEBUG:colcon.colcon_core.event_handler.log_command:Invoked command in '/host_ws/build/roboclaw_hardware' returned '0': CMAKE_PREFIX_PATH=${CMAKE_PREFIX_PATH}:/opt/ros/jazzy /usr/bin/cmake --build /host_ws/build/roboclaw_hardware -- -j8 -l8
[15.589s] DEBUG:colcon.colcon_core.event_handler.log_command:Invoking command in '/host_ws/build/roboclaw_hardware': CMAKE_PREFIX_PATH=${CMAKE_PREFIX_PATH}:/opt/ros/jazzy /usr/bin/cmake --install /host_ws/build/roboclaw_hardware
[15.609s] Level 1:colcon.colcon_core.environment:create_environment_scripts_only(roboclaw_hardware)
[15.609s] DEBUG:colcon.colcon_core.event_handler.log_command:Invoked command in '/host_ws/build/roboclaw_hardware' returned '0': CMAKE_PREFIX_PATH=${CMAKE_PREFIX_PATH}:/opt/ros/jazzy /usr/bin/cmake --install /host_ws/build/roboclaw_hardware
[15.613s] Level 1:colcon.colcon_core.environment:checking '/host_ws/install/roboclaw_hardware' for CMake module files
[15.614s] Level 1:colcon.colcon_core.environment:checking '/host_ws/install/roboclaw_hardware' for CMake config files
[15.614s] Level 1:colcon.colcon_core.shell:create_environment_hook('roboclaw_hardware', 'cmake_prefix_path')
[15.615s] INFO:colcon.colcon_core.shell:Creating environment hook '/host_ws/install/roboclaw_hardware/share/roboclaw_hardware/hook/cmake_prefix_path.ps1'
[15.616s] INFO:colcon.colcon_core.shell:Creating environment descriptor '/host_ws/install/roboclaw_hardware/share/roboclaw_hardware/hook/cmake_prefix_path.dsv'
[15.616s] INFO:colcon.colcon_core.shell:Creating environment hook '/host_ws/install/roboclaw_hardware/share/roboclaw_hardware/hook/cmake_prefix_path.sh'
[15.617s] Level 1:colcon.colcon_core.environment:checking '/host_ws/install/roboclaw_hardware/lib'
[15.617s] Level 1:colcon.colcon_core.shell:create_environment_hook('roboclaw_hardware', 'ld_library_path_lib')
[15.618s] INFO:colcon.colcon_core.shell:Creating environment hook '/host_ws/install/roboclaw_hardware/share/roboclaw_hardware/hook/ld_library_path_lib.ps1'
[15.618s] INFO:colcon.colcon_core.shell:Creating environment descriptor '/host_ws/install/roboclaw_hardware/share/roboclaw_hardware/hook/ld_library_path_lib.dsv'
[15.618s] INFO:colcon.colcon_core.shell:Creating environment hook '/host_ws/install/roboclaw_hardware/share/roboclaw_hardware/hook/ld_library_path_lib.sh'
[15.619s] Level 1:colcon.colcon_core.environment:checking '/host_ws/install/roboclaw_hardware/bin'
[15.619s] Level 1:colcon.colcon_core.environment:checking '/host_ws/install/roboclaw_hardware/lib/pkgconfig/roboclaw_hardware.pc'
[15.621s] Level 1:colcon.colcon_core.environment:checking '/host_ws/install/roboclaw_hardware/lib/python3.12/site-packages'
[15.621s] Level 1:colcon.colcon_core.environment:checking '/host_ws/install/roboclaw_hardware/bin'
[15.621s] INFO:colcon.colcon_core.shell:Creating package script '/host_ws/install/roboclaw_hardware/share/roboclaw_hardware/package.ps1'
[15.622s] INFO:colcon.colcon_core.shell:Creating package descriptor '/host_ws/install/roboclaw_hardware/share/roboclaw_hardware/package.dsv'
[15.623s] INFO:colcon.colcon_core.shell:Creating package script '/host_ws/install/roboclaw_hardware/share/roboclaw_hardware/package.sh'
[15.624s] INFO:colcon.colcon_core.shell:Creating package script '/host_ws/install/roboclaw_hardware/share/roboclaw_hardware/package.bash'
[15.625s] INFO:colcon.colcon_core.shell:Creating package script '/host_ws/install/roboclaw_hardware/share/roboclaw_hardware/package.zsh'
[15.626s] Level 1:colcon.colcon_core.environment:create_file_with_runtime_dependencies(/host_ws/install/roboclaw_hardware/share/colcon-core/packages/roboclaw_hardware)
[15.626s] Level 1:colcon.colcon_core.environment:create_environment_scripts_only(roboclaw_hardware)
[15.627s] Level 1:colcon.colcon_core.environment:checking '/host_ws/install/roboclaw_hardware' for CMake module files
[15.628s] Level 1:colcon.colcon_core.environment:checking '/host_ws/install/roboclaw_hardware' for CMake config files
[15.628s] Level 1:colcon.colcon_core.shell:create_environment_hook('roboclaw_hardware', 'cmake_prefix_path')
[15.629s] INFO:colcon.colcon_core.shell:Creating environment hook '/host_ws/install/roboclaw_hardware/share/roboclaw_hardware/hook/cmake_prefix_path.ps1'
[15.629s] INFO:colcon.colcon_core.shell:Creating environment descriptor '/host_ws/install/roboclaw_hardware/share/roboclaw_hardware/hook/cmake_prefix_path.dsv'
[15.630s] INFO:colcon.colcon_core.shell:Creating environment hook '/host_ws/install/roboclaw_hardware/share/roboclaw_hardware/hook/cmake_prefix_path.sh'
[15.630s] Level 1:colcon.colcon_core.environment:checking '/host_ws/install/roboclaw_hardware/lib'
[15.630s] Level 1:colcon.colcon_core.shell:create_environment_hook('roboclaw_hardware', 'ld_library_path_lib')
[15.630s] INFO:colcon.colcon_core.shell:Creating environment hook '/host_ws/install/roboclaw_hardware/share/roboclaw_hardware/hook/ld_library_path_lib.ps1'
[15.631s] INFO:colcon.colcon_core.shell:Creating environment descriptor '/host_ws/install/roboclaw_hardware/share/roboclaw_hardware/hook/ld_library_path_lib.dsv'
[15.631s] INFO:colcon.colcon_core.shell:Creating environment hook '/host_ws/install/roboclaw_hardware/share/roboclaw_hardware/hook/ld_library_path_lib.sh'
[15.632s] Level 1:colcon.colcon_core.environment:checking '/host_ws/install/roboclaw_hardware/bin'
[15.632s] Level 1:colcon.colcon_core.environment:checking '/host_ws/install/roboclaw_hardware/lib/pkgconfig/roboclaw_hardware.pc'
[15.632s] Level 1:colcon.colcon_core.environment:checking '/host_ws/install/roboclaw_hardware/lib/python3.12/site-packages'
[15.633s] Level 1:colcon.colcon_core.environment:checking '/host_ws/install/roboclaw_hardware/bin'
[15.633s] INFO:colcon.colcon_core.shell:Creating package script '/host_ws/install/roboclaw_hardware/share/roboclaw_hardware/package.ps1'
[15.634s] INFO:colcon.colcon_core.shell:Creating package descriptor '/host_ws/install/roboclaw_hardware/share/roboclaw_hardware/package.dsv'
[15.634s] INFO:colcon.colcon_core.shell:Creating package script '/host_ws/install/roboclaw_hardware/share/roboclaw_hardware/package.sh'
[15.635s] INFO:colcon.colcon_core.shell:Creating package script '/host_ws/install/roboclaw_hardware/share/roboclaw_hardware/package.bash'
[15.635s] INFO:colcon.colcon_core.shell:Creating package script '/host_ws/install/roboclaw_hardware/share/roboclaw_hardware/package.zsh'
[15.636s] Level 1:colcon.colcon_core.environment:create_file_with_runtime_dependencies(/host_ws/install/roboclaw_hardware/share/colcon-core/packages/roboclaw_hardware)
[15.636s] DEBUG:colcon.colcon_parallel_executor.executor.parallel:closing loop
[15.636s] DEBUG:colcon.colcon_parallel_executor.executor.parallel:loop closed
[15.636s] DEBUG:colcon.colcon_parallel_executor.executor.parallel:run_until_complete finished with '0'
[15.637s] DEBUG:colcon.colcon_core.event_reactor:joining thread
[15.647s] INFO:colcon.colcon_core.plugin_system:Skipping extension 'colcon_notification.desktop_notification.notify_send': Could not find 'notify-send'
[15.647s] INFO:colcon.colcon_core.plugin_system:Skipping extension 'colcon_notification.desktop_notification.terminal_notifier': Not used on non-Darwin systems
[15.647s] INFO:colcon.colcon_core.plugin_system:Skipping extension 'colcon_notification.desktop_notification.win32': Not used on non-Windows systems
[15.648s] INFO:colcon.colcon_notification.desktop_notification:Sending desktop notification using 'notify2'
[15.648s] DEBUG:colcon.colcon_notification.desktop_notification.notify2:Failed to initialize notify2: org.freedesktop.DBus.Error.NotSupported: Unable to autolaunch a dbus-daemon without a $DISPLAY for X11
[15.648s] DEBUG:colcon.colcon_core.event_reactor:joined thread
[15.648s] INFO:colcon.colcon_core.shell:Creating prefix script '/host_ws/install/local_setup.ps1'
[15.649s] INFO:colcon.colcon_core.shell:Creating prefix util module '/host_ws/install/_local_setup_util_ps1.py'
[15.650s] INFO:colcon.colcon_core.shell:Creating prefix chain script '/host_ws/install/setup.ps1'
[15.651s] INFO:colcon.colcon_core.shell:Creating prefix script '/host_ws/install/local_setup.sh'
[15.652s] INFO:colcon.colcon_core.shell:Creating prefix util module '/host_ws/install/_local_setup_util_sh.py'
[15.653s] INFO:colcon.colcon_core.shell:Creating prefix chain script '/host_ws/install/setup.sh'
[15.654s] INFO:colcon.colcon_core.shell:Creating prefix script '/host_ws/install/local_setup.bash'
[15.654s] INFO:colcon.colcon_core.shell:Creating prefix chain script '/host_ws/install/setup.bash'
[15.655s] INFO:colcon.colcon_core.shell:Creating prefix script '/host_ws/install/local_setup.zsh'
[15.656s] INFO:colcon.colcon_core.shell:Creating prefix chain script '/host_ws/install/setup.zsh'
