[0.000000] (-) TimerEvent: {}
[0.000217] (-) JobUnselected: {'identifier': 'basicmicro'}
[0.000364] (-) JobUnselected: {'identifier': 'basicmicro_ros2'}
[0.000415] (-) JobUnselected: {'identifier': 'roboclaw_tcp_adapter'}
[0.000467] (roboclaw_hardware) JobQueued: {'identifier': 'roboclaw_hardware', 'dependencies': OrderedDict()}
[0.000511] (roboclaw_hardware) JobStarted: {'identifier': 'roboclaw_hardware'}
[0.014387] (roboclaw_hardware) JobProgress: {'identifier': 'roboclaw_hardware', 'progress': 'cmake'}
[0.015460] (roboclaw_hardware) JobProgress: {'identifier': 'roboclaw_hardware', 'progress': 'build'}
[0.016655] (roboclaw_hardware) Command: {'cmd': ['/usr/bin/cmake', '--build', '/host_ws/build/roboclaw_hardware', '--', '-j8', '-l8'], 'cwd': '/host_ws/build/roboclaw_hardware', 'env': OrderedDict({'GZ_CONFIG_PATH': '/opt/ros/jazzy/opt/sdformat_vendor/share/gz', 'HOSTNAME': '8644bec120c8', 'SHLVL': '0', 'LD_LIBRARY_PATH': '/opt/ros/jazzy/opt/sdformat_vendor/lib:/opt/ros/jazzy/opt/gz_math_vendor/lib:/opt/ros/jazzy/opt/gz_utils_vendor/lib:/opt/ros/jazzy/opt/gz_tools_vendor/lib:/opt/ros/jazzy/opt/gz_cmake_vendor/lib:/opt/ros/jazzy/lib/x86_64-linux-gnu:/opt/ros/jazzy/lib', 'HOME': '/root', 'ROS_PYTHON_VERSION': '3', 'ROS_DISTRO': 'jazzy', '_': '/usr/bin/colcon', 'ROS_VERSION': '2', 'PATH': '/opt/ros/jazzy/opt/gz_tools_vendor/bin:/opt/ros/jazzy/bin:/usr/local/sbin:/usr/local/bin:/usr/sbin:/usr/bin:/sbin:/bin', 'LANG': 'C.UTF-8', 'AMENT_PREFIX_PATH': '/opt/ros/jazzy', 'ROS_AUTOMATIC_DISCOVERY_RANGE': 'SUBNET', 'PWD': '/host_ws/build/roboclaw_hardware', 'LC_ALL': 'C.UTF-8', 'PYTHONPATH': '/opt/ros/jazzy/lib/python3.12/site-packages', 'COLCON': '1', 'CMAKE_PREFIX_PATH': '/opt/ros/jazzy/opt/sdformat_vendor:/opt/ros/jazzy/opt/gz_math_vendor:/opt/ros/jazzy/opt/gz_utils_vendor:/opt/ros/jazzy/opt/gz_tools_vendor:/opt/ros/jazzy/opt/gz_cmake_vendor:/opt/ros/jazzy'}), 'shell': False}
[0.099461] (-) TimerEvent: {}
[0.105208] (roboclaw_hardware) StdoutLine: {'line': b'[ 15%] Built target gtest_main\n'}
[0.107330] (roboclaw_hardware) StdoutLine: {'line': b'[ 30%] Built target gtest\n'}
[0.120234] (roboclaw_hardware) StdoutLine: {'line': b'[ 69%] Built target roboclaw_hardware\n'}
[0.152964] (roboclaw_hardware) StdoutLine: {'line': b'[ 84%] Built target test_unit_converter\n'}
[0.160964] (roboclaw_hardware) StdoutLine: {'line': b'[100%] Built target test_protocol_crc\n'}
[0.175783] (roboclaw_hardware) CommandEnded: {'returncode': 0}
[0.176518] (roboclaw_hardware) JobProgress: {'identifier': 'roboclaw_hardware', 'progress': 'install'}
[0.188584] (roboclaw_hardware) Command: {'cmd': ['/usr/bin/cmake', '--install', '/host_ws/build/roboclaw_hardware'], 'cwd': '/host_ws/build/roboclaw_hardware', 'env': OrderedDict({'GZ_CONFIG_PATH': '/opt/ros/jazzy/opt/sdformat_vendor/share/gz', 'HOSTNAME': '8644bec120c8', 'SHLVL': '0', 'LD_LIBRARY_PATH': '/opt/ros/jazzy/opt/sdformat_vendor/lib:/opt/ros/jazzy/opt/gz_math_vendor/lib:/opt/ros/jazzy/opt/gz_utils_vendor/lib:/opt/ros/jazzy/opt/gz_tools_vendor/lib:/opt/ros/jazzy/opt/gz_cmake_vendor/lib:/opt/ros/jazzy/lib/x86_64-linux-gnu:/opt/ros/jazzy/lib', 'HOME': '/root', 'ROS_PYTHON_VERSION': '3', 'ROS_DISTRO': 'jazzy', '_': '/usr/bin/colcon', 'ROS_VERSION': '2', 'PATH': '/opt/ros/jazzy/opt/gz_tools_vendor/bin:/opt/ros/jazzy/bin:/usr/local/sbin:/usr/local/bin:/usr/sbin:/usr/bin:/sbin:/bin', 'LANG': 'C.UTF-8', 'AMENT_PREFIX_PATH': '/opt/ros/jazzy', 'ROS_AUTOMATIC_DISCOVERY_RANGE': 'SUBNET', 'PWD': '/host_ws/build/roboclaw_hardware', 'LC_ALL': 'C.UTF-8', 'PYTHONPATH': '/opt/ros/jazzy/lib/python3.12/site-packages', 'COLCON': '1', 'CMAKE_PREFIX_PATH': '/opt/ros/jazzy/opt/sdformat_vendor:/opt/ros/jazzy/opt/gz_math_vendor:/opt/ros/jazzy/opt/gz_utils_vendor:/opt/ros/jazzy/opt/gz_tools_vendor:/opt/ros/jazzy/opt/gz_cmake_vendor:/opt/ros/jazzy'}), 'shell': False}
[0.199106] (roboclaw_hardware) StdoutLine: {'line': b'-- Install configuration: "Release"\n'}
[0.199453] (-) TimerEvent: {}
[0.199490] (roboclaw_hardware) StdoutLine: {'line': b'-- Up-to-date: /host_ws/install/roboclaw_hardware/share/roboclaw_hardware/roboclaw_hardware_plugin.xml\n'}
[0.199674] (roboclaw_hardware) StdoutLine: {'line': b'-- Up-to-date: /host_ws/install/roboclaw_hardware/lib/libroboclaw_hardware.so\n'}
[0.200235] (roboclaw_hardware) StdoutLine: {'line': b'-- Up-to-date: /host_ws/install/roboclaw_hardware/include/roboclaw_hardware\n'}
[0.200500] (roboclaw_hardware) StdoutLine: {'line': b'-- Up-to-date: /host_ws/install/roboclaw_hardware/include/roboclaw_hardware/roboclaw_hardware\n'}
[0.200826] (roboclaw_hardware) StdoutLine: {'line': b'-- Up-to-date: /host_ws/install/roboclaw_hardware/include/roboclaw_hardware/roboclaw_hardware/roboclaw_protocol.hpp\n'}
[0.200982] (roboclaw_hardware) StdoutLine: {'line': b'-- Up-to-date: /host_ws/install/roboclaw_hardware/include/roboclaw_hardware/roboclaw_hardware/roboclaw_tcp.hpp\n'}
[0.201452] (roboclaw_hardware) StdoutLine: {'line': b'-- Up-to-date: /host_ws/install/roboclaw_hardware/include/roboclaw_hardware/roboclaw_hardware/visibility_control.h\n'}
[0.202037] (roboclaw_hardware) StdoutLine: {'line': b'-- Up-to-date: /host_ws/install/roboclaw_hardware/include/roboclaw_hardware/roboclaw_hardware/roboclaw_hardware.hpp\n'}
[0.202253] (roboclaw_hardware) StdoutLine: {'line': b'-- Up-to-date: /host_ws/install/roboclaw_hardware/include/roboclaw_hardware/roboclaw_hardware/unit_converter.hpp\n'}
[0.202427] (roboclaw_hardware) StdoutLine: {'line': b'-- Up-to-date: /host_ws/install/roboclaw_hardware/share/roboclaw_hardware/config\n'}
[0.202608] (roboclaw_hardware) StdoutLine: {'line': b'-- Installing: /host_ws/install/roboclaw_hardware/share/roboclaw_hardware/config/diff_drive_controllers.yaml\n'}
[0.202767] (roboclaw_hardware) StdoutLine: {'line': b'-- Up-to-date: /host_ws/install/roboclaw_hardware/share/roboclaw_hardware/launch\n'}
[0.202932] (roboclaw_hardware) StdoutLine: {'line': b'-- Installing: /host_ws/install/roboclaw_hardware/share/roboclaw_hardware/launch/roboclaw.launch.py\n'}
[0.203339] (roboclaw_hardware) StdoutLine: {'line': b'-- Up-to-date: /host_ws/install/roboclaw_hardware/share/roboclaw_hardware/urdf\n'}
[0.203626] (roboclaw_hardware) StdoutLine: {'line': b'-- Up-to-date: /host_ws/install/roboclaw_hardware/share/roboclaw_hardware/urdf/roboclaw_diff_drive.urdf.xacro\n'}
[0.203796] (roboclaw_hardware) StdoutLine: {'line': b'-- Up-to-date: /host_ws/install/roboclaw_hardware/share/roboclaw_hardware/environment/library_path.sh\n'}
[0.203960] (roboclaw_hardware) StdoutLine: {'line': b'-- Up-to-date: /host_ws/install/roboclaw_hardware/share/roboclaw_hardware/environment/library_path.dsv\n'}
[0.204122] (roboclaw_hardware) StdoutLine: {'line': b'-- Up-to-date: /host_ws/install/roboclaw_hardware/share/ament_index/resource_index/package_run_dependencies/roboclaw_hardware\n'}
[0.204283] (roboclaw_hardware) StdoutLine: {'line': b'-- Up-to-date: /host_ws/install/roboclaw_hardware/share/ament_index/resource_index/parent_prefix_path/roboclaw_hardware\n'}
[0.204455] (roboclaw_hardware) StdoutLine: {'line': b'-- Up-to-date: /host_ws/install/roboclaw_hardware/share/roboclaw_hardware/environment/ament_prefix_path.sh\n'}
[0.204629] (roboclaw_hardware) StdoutLine: {'line': b'-- Up-to-date: /host_ws/install/roboclaw_hardware/share/roboclaw_hardware/environment/ament_prefix_path.dsv\n'}
[0.204791] (roboclaw_hardware) StdoutLine: {'line': b'-- Up-to-date: /host_ws/install/roboclaw_hardware/share/roboclaw_hardware/environment/path.sh\n'}
[0.204951] (roboclaw_hardware) StdoutLine: {'line': b'-- Up-to-date: /host_ws/install/roboclaw_hardware/share/roboclaw_hardware/environment/path.dsv\n'}
[0.205200] (roboclaw_hardware) StdoutLine: {'line': b'-- Up-to-date: /host_ws/install/roboclaw_hardware/share/roboclaw_hardware/local_setup.bash\n'}
[0.205703] (roboclaw_hardware) StdoutLine: {'line': b'-- Up-to-date: /host_ws/install/roboclaw_hardware/share/roboclaw_hardware/local_setup.sh\n'}
[0.206086] (roboclaw_hardware) StdoutLine: {'line': b'-- Up-to-date: /host_ws/install/roboclaw_hardware/share/roboclaw_hardware/local_setup.zsh\n'}
[0.206367] (roboclaw_hardware) StdoutLine: {'line': b'-- Up-to-date: /host_ws/install/roboclaw_hardware/share/roboclaw_hardware/local_setup.dsv\n'}
[0.206692] (roboclaw_hardware) StdoutLine: {'line': b'-- Installing: /host_ws/install/roboclaw_hardware/share/roboclaw_hardware/package.dsv\n'}
[0.206887] (roboclaw_hardware) StdoutLine: {'line': b'-- Up-to-date: /host_ws/install/roboclaw_hardware/share/ament_index/resource_index/packages/roboclaw_hardware\n'}
[0.207148] (roboclaw_hardware) StdoutLine: {'line': b'-- Up-to-date: /host_ws/install/roboclaw_hardware/share/ament_index/resource_index/hardware_interface__pluginlib__plugin/roboclaw_hardware\n'}
[0.207359] (roboclaw_hardware) StdoutLine: {'line': b'-- Up-to-date: /host_ws/install/roboclaw_hardware/share/roboclaw_hardware/cmake/export_roboclaw_hardwareExport.cmake\n'}
[0.207800] (roboclaw_hardware) StdoutLine: {'line': b'-- Up-to-date: /host_ws/install/roboclaw_hardware/share/roboclaw_hardware/cmake/export_roboclaw_hardwareExport-release.cmake\n'}
[0.208025] (roboclaw_hardware) StdoutLine: {'line': b'-- Up-to-date: /host_ws/install/roboclaw_hardware/share/roboclaw_hardware/cmake/ament_cmake_export_targets-extras.cmake\n'}
[0.208356] (roboclaw_hardware) StdoutLine: {'line': b'-- Up-to-date: /host_ws/install/roboclaw_hardware/share/roboclaw_hardware/cmake/ament_cmake_export_dependencies-extras.cmake\n'}
[0.208611] (roboclaw_hardware) StdoutLine: {'line': b'-- Up-to-date: /host_ws/install/roboclaw_hardware/share/roboclaw_hardware/cmake/roboclaw_hardwareConfig.cmake\n'}
[0.208878] (roboclaw_hardware) StdoutLine: {'line': b'-- Up-to-date: /host_ws/install/roboclaw_hardware/share/roboclaw_hardware/cmake/roboclaw_hardwareConfig-version.cmake\n'}
[0.209088] (roboclaw_hardware) StdoutLine: {'line': b'-- Up-to-date: /host_ws/install/roboclaw_hardware/share/roboclaw_hardware/package.xml\n'}
[0.209501] (roboclaw_hardware) CommandEnded: {'returncode': 0}
[0.235038] (roboclaw_hardware) JobEnded: {'identifier': 'roboclaw_hardware', 'rc': 0}
[0.236158] (-) EventReactorShutdown: {}
