[0.159s] DEBUG:colcon:Command line arguments: ['/usr/bin/colcon', 'build', '--packages-select', 'basicmicro_ros2', 'roboclaw_tcp_adapter', '--symlink-install']
[0.159s] DEBUG:colcon:Parsed command line arguments: Namespace(log_base=None, log_level=None, verb_name='build', build_base='build', install_base='install', merge_install=False, symlink_install=True, test_result_base=None, continue_on_error=False, executor='parallel', parallel_workers=8, event_handlers=None, ignore_user_meta=False, metas=['./colcon.meta'], base_paths=['.'], packages_ignore=None, packages_ignore_regex=None, paths=None, packages_up_to=None, packages_up_to_regex=None, packages_above=None, packages_above_and_dependencies=None, packages_above_depth=None, packages_select_by_dep=None, packages_skip_by_dep=None, packages_skip_up_to=None, packages_select_build_failed=False, packages_skip_build_finished=False, packages_select_test_failures=False, packages_skip_test_passed=False, packages_select=['basicmicro_ros2', 'roboclaw_tcp_adapter'], packages_skip=None, packages_select_regex=None, packages_skip_regex=None, packages_start=None, packages_end=None, cmake_args=None, cmake_target=None, cmake_target_skip_unavailable=False, cmake_clean_cache=False, cmake_clean_first=False, cmake_force_configure=False, ament_cmake_args=None, catkin_cmake_args=None, catkin_skip_building_tests=False, mixin_files=None, mixin=None, verb_parser=<colcon_mixin.mixin.mixin_argument.MixinArgumentDecorator object at 0x78ac7b514b30>, verb_extension=<colcon_core.verb.build.BuildVerb object at 0x78ac7b686c30>, main=<bound method BuildVerb.main of <colcon_core.verb.build.BuildVerb object at 0x78ac7b686c30>>, mixin_verb=('build',))
[0.213s] Level 1:colcon.colcon_core.package_discovery:discover_packages(colcon_meta) check parameters
[0.213s] INFO:colcon.colcon_metadata.package_discovery.colcon_meta:Using configuration from '/root/.colcon/metadata/default/Gazebo.meta'
[0.214s] INFO:colcon.colcon_metadata.package_discovery.colcon_meta:Using configuration from '/root/.colcon/metadata/default/fastdds.meta'
[0.214s] INFO:colcon.colcon_metadata.package_discovery.colcon_meta:Using configuration from '/root/.colcon/metadata/default/fastrtps.meta'
[0.214s] Level 1:colcon.colcon_core.package_discovery:discover_packages(recursive) check parameters
[0.214s] Level 1:colcon.colcon_core.package_discovery:discover_packages(ignore) check parameters
[0.214s] Level 1:colcon.colcon_core.package_discovery:discover_packages(path) check parameters
[0.214s] Level 1:colcon.colcon_core.package_discovery:discover_packages(colcon_meta) discover
[0.214s] Level 1:colcon.colcon_core.package_discovery:discover_packages(recursive) discover
[0.214s] INFO:colcon.colcon_core.package_discovery:Crawling recursively for packages in '/host_ws'
[0.215s] Level 1:colcon.colcon_core.package_identification:_identify(.) by extensions ['ignore', 'ignore_ament_install']
[0.215s] Level 1:colcon.colcon_core.package_identification:_identify(.) by extension 'ignore'
[0.215s] Level 1:colcon.colcon_core.package_identification:_identify(.) by extension 'ignore_ament_install'
[0.215s] Level 1:colcon.colcon_core.package_identification:_identify(.) by extensions ['colcon_pkg']
[0.215s] Level 1:colcon.colcon_core.package_identification:_identify(.) by extension 'colcon_pkg'
[0.215s] Level 1:colcon.colcon_core.package_identification:_identify(.) by extensions ['colcon_meta']
[0.215s] Level 1:colcon.colcon_core.package_identification:_identify(.) by extension 'colcon_meta'
[0.215s] Level 1:colcon.colcon_core.package_identification:_identify(.) by extensions ['ros']
[0.215s] Level 1:colcon.colcon_core.package_identification:_identify(.) by extension 'ros'
[0.249s] Level 1:colcon.colcon_core.package_identification:_identify(.) by extensions ['cmake', 'python']
[0.249s] Level 1:colcon.colcon_core.package_identification:_identify(.) by extension 'cmake'
[0.249s] Level 1:colcon.colcon_core.package_identification:_identify(.) by extension 'python'
[0.249s] Level 1:colcon.colcon_core.package_identification:_identify(.) by extensions ['python_setup_py']
[0.249s] Level 1:colcon.colcon_core.package_identification:_identify(.) by extension 'python_setup_py'
[0.250s] Level 1:colcon.colcon_core.package_identification:_identify(build) by extensions ['ignore', 'ignore_ament_install']
[0.250s] Level 1:colcon.colcon_core.package_identification:_identify(build) by extension 'ignore'
[0.250s] Level 1:colcon.colcon_core.package_identification:_identify(build) ignored
[0.250s] Level 1:colcon.colcon_core.package_identification:_identify(config) by extensions ['ignore', 'ignore_ament_install']
[0.250s] Level 1:colcon.colcon_core.package_identification:_identify(config) by extension 'ignore'
[0.250s] Level 1:colcon.colcon_core.package_identification:_identify(config) by extension 'ignore_ament_install'
[0.250s] Level 1:colcon.colcon_core.package_identification:_identify(config) by extensions ['colcon_pkg']
[0.250s] Level 1:colcon.colcon_core.package_identification:_identify(config) by extension 'colcon_pkg'
[0.250s] Level 1:colcon.colcon_core.package_identification:_identify(config) by extensions ['colcon_meta']
[0.250s] Level 1:colcon.colcon_core.package_identification:_identify(config) by extension 'colcon_meta'
[0.250s] Level 1:colcon.colcon_core.package_identification:_identify(config) by extensions ['ros']
[0.250s] Level 1:colcon.colcon_core.package_identification:_identify(config) by extension 'ros'
[0.250s] Level 1:colcon.colcon_core.package_identification:_identify(config) by extensions ['cmake', 'python']
[0.251s] Level 1:colcon.colcon_core.package_identification:_identify(config) by extension 'cmake'
[0.251s] Level 1:colcon.colcon_core.package_identification:_identify(config) by extension 'python'
[0.251s] Level 1:colcon.colcon_core.package_identification:_identify(config) by extensions ['python_setup_py']
[0.251s] Level 1:colcon.colcon_core.package_identification:_identify(config) by extension 'python_setup_py'
[0.251s] Level 1:colcon.colcon_core.package_identification:_identify(install) by extensions ['ignore', 'ignore_ament_install']
[0.251s] Level 1:colcon.colcon_core.package_identification:_identify(install) by extension 'ignore'
[0.251s] Level 1:colcon.colcon_core.package_identification:_identify(install) ignored
[0.251s] Level 1:colcon.colcon_core.package_identification:_identify(log) by extensions ['ignore', 'ignore_ament_install']
[0.251s] Level 1:colcon.colcon_core.package_identification:_identify(log) by extension 'ignore'
[0.251s] Level 1:colcon.colcon_core.package_identification:_identify(log) ignored
[0.251s] Level 1:colcon.colcon_core.package_identification:_identify(src) by extensions ['ignore', 'ignore_ament_install']
[0.252s] Level 1:colcon.colcon_core.package_identification:_identify(src) by extension 'ignore'
[0.252s] Level 1:colcon.colcon_core.package_identification:_identify(src) by extension 'ignore_ament_install'
[0.252s] Level 1:colcon.colcon_core.package_identification:_identify(src) by extensions ['colcon_pkg']
[0.252s] Level 1:colcon.colcon_core.package_identification:_identify(src) by extension 'colcon_pkg'
[0.252s] Level 1:colcon.colcon_core.package_identification:_identify(src) by extensions ['colcon_meta']
[0.252s] Level 1:colcon.colcon_core.package_identification:_identify(src) by extension 'colcon_meta'
[0.252s] Level 1:colcon.colcon_core.package_identification:_identify(src) by extensions ['ros']
[0.252s] Level 1:colcon.colcon_core.package_identification:_identify(src) by extension 'ros'
[0.252s] Level 1:colcon.colcon_core.package_identification:_identify(src) by extensions ['cmake', 'python']
[0.252s] Level 1:colcon.colcon_core.package_identification:_identify(src) by extension 'cmake'
[0.252s] Level 1:colcon.colcon_core.package_identification:_identify(src) by extension 'python'
[0.252s] Level 1:colcon.colcon_core.package_identification:_identify(src) by extensions ['python_setup_py']
[0.252s] Level 1:colcon.colcon_core.package_identification:_identify(src) by extension 'python_setup_py'
[0.252s] Level 1:colcon.colcon_core.package_identification:_identify(src/basicmicro_python) by extensions ['ignore', 'ignore_ament_install']
[0.252s] Level 1:colcon.colcon_core.package_identification:_identify(src/basicmicro_python) by extension 'ignore'
[0.252s] Level 1:colcon.colcon_core.package_identification:_identify(src/basicmicro_python) by extension 'ignore_ament_install'
[0.253s] Level 1:colcon.colcon_core.package_identification:_identify(src/basicmicro_python) by extensions ['colcon_pkg']
[0.253s] Level 1:colcon.colcon_core.package_identification:_identify(src/basicmicro_python) by extension 'colcon_pkg'
[0.253s] Level 1:colcon.colcon_core.package_identification:_identify(src/basicmicro_python) by extensions ['colcon_meta']
[0.253s] Level 1:colcon.colcon_core.package_identification:_identify(src/basicmicro_python) by extension 'colcon_meta'
[0.253s] Level 1:colcon.colcon_core.package_identification:_identify(src/basicmicro_python) by extensions ['ros']
[0.253s] Level 1:colcon.colcon_core.package_identification:_identify(src/basicmicro_python) by extension 'ros'
[0.253s] Level 1:colcon.colcon_core.package_identification:_identify(src/basicmicro_python) by extensions ['cmake', 'python']
[0.253s] Level 1:colcon.colcon_core.package_identification:_identify(src/basicmicro_python) by extension 'cmake'
[0.253s] Level 1:colcon.colcon_core.package_identification:_identify(src/basicmicro_python) by extension 'python'
[0.253s] Level 1:colcon.colcon_core.package_identification:_identify(src/basicmicro_python) by extensions ['python_setup_py']
[0.253s] Level 1:colcon.colcon_core.package_identification:_identify(src/basicmicro_python) by extension 'python_setup_py'
[0.500s] DEBUG:colcon.colcon_core.package_identification:Package 'src/basicmicro_python' with type 'python' and name 'basicmicro'
[0.500s] Level 1:colcon.colcon_core.package_identification:_identify(src/basicmicro_ros2) by extensions ['ignore', 'ignore_ament_install']
[0.500s] Level 1:colcon.colcon_core.package_identification:_identify(src/basicmicro_ros2) by extension 'ignore'
[0.500s] Level 1:colcon.colcon_core.package_identification:_identify(src/basicmicro_ros2) by extension 'ignore_ament_install'
[0.501s] Level 1:colcon.colcon_core.package_identification:_identify(src/basicmicro_ros2) by extensions ['colcon_pkg']
[0.501s] Level 1:colcon.colcon_core.package_identification:_identify(src/basicmicro_ros2) by extension 'colcon_pkg'
[0.501s] Level 1:colcon.colcon_core.package_identification:_identify(src/basicmicro_ros2) by extensions ['colcon_meta']
[0.501s] Level 1:colcon.colcon_core.package_identification:_identify(src/basicmicro_ros2) by extension 'colcon_meta'
[0.501s] Level 1:colcon.colcon_core.package_identification:_identify(src/basicmicro_ros2) by extensions ['ros']
[0.501s] Level 1:colcon.colcon_core.package_identification:_identify(src/basicmicro_ros2) by extension 'ros'
[0.505s] DEBUG:colcon.colcon_core.package_identification:Package 'src/basicmicro_ros2' with type 'ros.ament_cmake' and name 'basicmicro_ros2'
[0.505s] Level 1:colcon.colcon_core.package_identification:_identify(src/roboclaw_tcp_adapter) by extensions ['ignore', 'ignore_ament_install']
[0.506s] Level 1:colcon.colcon_core.package_identification:_identify(src/roboclaw_tcp_adapter) by extension 'ignore'
[0.506s] Level 1:colcon.colcon_core.package_identification:_identify(src/roboclaw_tcp_adapter) by extension 'ignore_ament_install'
[0.506s] Level 1:colcon.colcon_core.package_identification:_identify(src/roboclaw_tcp_adapter) by extensions ['colcon_pkg']
[0.506s] Level 1:colcon.colcon_core.package_identification:_identify(src/roboclaw_tcp_adapter) by extension 'colcon_pkg'
[0.506s] Level 1:colcon.colcon_core.package_identification:_identify(src/roboclaw_tcp_adapter) by extensions ['colcon_meta']
[0.506s] Level 1:colcon.colcon_core.package_identification:_identify(src/roboclaw_tcp_adapter) by extension 'colcon_meta'
[0.506s] Level 1:colcon.colcon_core.package_identification:_identify(src/roboclaw_tcp_adapter) by extensions ['ros']
[0.506s] Level 1:colcon.colcon_core.package_identification:_identify(src/roboclaw_tcp_adapter) by extension 'ros'
[0.507s] DEBUG:colcon.colcon_core.package_identification:Package 'src/roboclaw_tcp_adapter' with type 'ros.ament_python' and name 'roboclaw_tcp_adapter'
[0.507s] Level 1:colcon.colcon_core.package_discovery:discover_packages(recursive) using defaults
[0.507s] Level 1:colcon.colcon_core.package_discovery:discover_packages(ignore) discover
[0.507s] Level 1:colcon.colcon_core.package_discovery:discover_packages(ignore) using defaults
[0.507s] Level 1:colcon.colcon_core.package_discovery:discover_packages(path) discover
[0.507s] Level 1:colcon.colcon_core.package_discovery:discover_packages(path) using defaults
[0.532s] INFO:colcon.colcon_core.package_selection:Skipping not selected package 'basicmicro' in 'src/basicmicro_python'
[0.532s] Level 5:colcon.colcon_core.verb:set package 'basicmicro_ros2' build argument 'cmake_args' from command line to 'None'
[0.532s] Level 5:colcon.colcon_core.verb:set package 'basicmicro_ros2' build argument 'cmake_target' from command line to 'None'
[0.532s] Level 5:colcon.colcon_core.verb:set package 'basicmicro_ros2' build argument 'cmake_target_skip_unavailable' from command line to 'False'
[0.532s] Level 5:colcon.colcon_core.verb:set package 'basicmicro_ros2' build argument 'cmake_clean_cache' from command line to 'False'
[0.532s] Level 5:colcon.colcon_core.verb:set package 'basicmicro_ros2' build argument 'cmake_clean_first' from command line to 'False'
[0.532s] Level 5:colcon.colcon_core.verb:set package 'basicmicro_ros2' build argument 'cmake_force_configure' from command line to 'False'
[0.532s] Level 5:colcon.colcon_core.verb:set package 'basicmicro_ros2' build argument 'ament_cmake_args' from command line to 'None'
[0.532s] Level 5:colcon.colcon_core.verb:set package 'basicmicro_ros2' build argument 'catkin_cmake_args' from command line to 'None'
[0.532s] Level 5:colcon.colcon_core.verb:set package 'basicmicro_ros2' build argument 'catkin_skip_building_tests' from command line to 'False'
[0.532s] DEBUG:colcon.colcon_core.verb:Building package 'basicmicro_ros2' with the following arguments: {'ament_cmake_args': None, 'build_base': '/host_ws/build/basicmicro_ros2', 'catkin_cmake_args': None, 'catkin_skip_building_tests': False, 'cmake_args': None, 'cmake_clean_cache': False, 'cmake_clean_first': False, 'cmake_force_configure': False, 'cmake_target': None, 'cmake_target_skip_unavailable': False, 'install_base': '/host_ws/install/basicmicro_ros2', 'merge_install': False, 'path': '/host_ws/src/basicmicro_ros2', 'symlink_install': True, 'test_result_base': None}
[0.533s] Level 5:colcon.colcon_core.verb:set package 'roboclaw_tcp_adapter' build argument 'cmake_args' from command line to 'None'
[0.533s] Level 5:colcon.colcon_core.verb:set package 'roboclaw_tcp_adapter' build argument 'cmake_target' from command line to 'None'
[0.533s] Level 5:colcon.colcon_core.verb:set package 'roboclaw_tcp_adapter' build argument 'cmake_target_skip_unavailable' from command line to 'False'
[0.533s] Level 5:colcon.colcon_core.verb:set package 'roboclaw_tcp_adapter' build argument 'cmake_clean_cache' from command line to 'False'
[0.533s] Level 5:colcon.colcon_core.verb:set package 'roboclaw_tcp_adapter' build argument 'cmake_clean_first' from command line to 'False'
[0.533s] Level 5:colcon.colcon_core.verb:set package 'roboclaw_tcp_adapter' build argument 'cmake_force_configure' from command line to 'False'
[0.533s] Level 5:colcon.colcon_core.verb:set package 'roboclaw_tcp_adapter' build argument 'ament_cmake_args' from command line to 'None'
[0.533s] Level 5:colcon.colcon_core.verb:set package 'roboclaw_tcp_adapter' build argument 'catkin_cmake_args' from command line to 'None'
[0.533s] Level 5:colcon.colcon_core.verb:set package 'roboclaw_tcp_adapter' build argument 'catkin_skip_building_tests' from command line to 'False'
[0.533s] DEBUG:colcon.colcon_core.verb:Building package 'roboclaw_tcp_adapter' with the following arguments: {'ament_cmake_args': None, 'build_base': '/host_ws/build/roboclaw_tcp_adapter', 'catkin_cmake_args': None, 'catkin_skip_building_tests': False, 'cmake_args': None, 'cmake_clean_cache': False, 'cmake_clean_first': False, 'cmake_force_configure': False, 'cmake_target': None, 'cmake_target_skip_unavailable': False, 'install_base': '/host_ws/install/roboclaw_tcp_adapter', 'merge_install': False, 'path': '/host_ws/src/roboclaw_tcp_adapter', 'symlink_install': True, 'test_result_base': None}
[0.533s] INFO:colcon.colcon_core.executor:Executing jobs using 'parallel' executor
[0.534s] DEBUG:colcon.colcon_parallel_executor.executor.parallel:run_until_complete
[0.534s] INFO:colcon.colcon_ros.task.ament_cmake.build:Building ROS package in '/host_ws/src/basicmicro_ros2' with build type 'ament_cmake'
[0.535s] INFO:colcon.colcon_cmake.task.cmake.build:Building CMake package in '/host_ws/src/basicmicro_ros2'
[0.537s] INFO:colcon.colcon_core.plugin_system:Skipping extension 'colcon_core.shell.bat': Not used on non-Windows systems
[0.537s] INFO:colcon.colcon_core.shell:Skip shell extension 'powershell' for command environment: Not usable outside of PowerShell
[0.537s] DEBUG:colcon.colcon_core.shell:Skip shell extension 'dsv' for command environment
[0.542s] INFO:colcon.colcon_ros.task.ament_python.build:Building ROS package in '/host_ws/src/roboclaw_tcp_adapter' with build type 'ament_python'
[0.542s] Level 1:colcon.colcon_core.shell:create_environment_hook('roboclaw_tcp_adapter', 'ament_prefix_path')
[0.543s] INFO:colcon.colcon_core.shell:Creating environment hook '/host_ws/install/roboclaw_tcp_adapter/share/roboclaw_tcp_adapter/hook/ament_prefix_path.ps1'
[0.543s] INFO:colcon.colcon_core.shell:Creating environment descriptor '/host_ws/install/roboclaw_tcp_adapter/share/roboclaw_tcp_adapter/hook/ament_prefix_path.dsv'
[0.544s] INFO:colcon.colcon_core.shell:Creating environment hook '/host_ws/install/roboclaw_tcp_adapter/share/roboclaw_tcp_adapter/hook/ament_prefix_path.sh'
[0.545s] INFO:colcon.colcon_core.shell:Skip shell extension 'powershell' for command environment: Not usable outside of PowerShell
[0.545s] DEBUG:colcon.colcon_core.shell:Skip shell extension 'dsv' for command environment
[0.551s] DEBUG:colcon.colcon_core.event_handler.log_command:Invoking command in '/host_ws/build/basicmicro_ros2': CMAKE_PREFIX_PATH=/opt/ros/jazzy /usr/bin/cmake /host_ws/src/basicmicro_ros2 -DAMENT_CMAKE_SYMLINK_INSTALL=1 -DCMAKE_INSTALL_PREFIX=/host_ws/install/basicmicro_ros2
[0.809s] INFO:colcon.colcon_core.task.python.build:Building Python package in '/host_ws/src/roboclaw_tcp_adapter'
[0.809s] INFO:colcon.colcon_core.shell:Skip shell extension 'powershell' for command environment: Not usable outside of PowerShell
[0.809s] DEBUG:colcon.colcon_core.shell:Skip shell extension 'dsv' for command environment
[1.404s] DEBUG:colcon.colcon_core.event_handler.log_command:Invoking command in '/host_ws/build/roboclaw_tcp_adapter': PYTHONPATH=/host_ws/build/roboclaw_tcp_adapter/prefix_override:/usr/lib/python3/dist-packages/colcon_core/task/python/colcon_distutils_commands:/host_ws/install/roboclaw_tcp_adapter/lib/python3.12/site-packages:${PYTHONPATH} /usr/bin/python3 -W ignore:setup.py install is deprecated -W ignore:easy_install command is deprecated setup.py develop --editable --build-directory /host_ws/build/roboclaw_tcp_adapter/build --no-deps symlink_data
[2.074s] Level 1:colcon.colcon_core.shell:create_environment_hook('roboclaw_tcp_adapter', 'pythonpath_develop')
[2.075s] INFO:colcon.colcon_core.shell:Creating environment hook '/host_ws/build/roboclaw_tcp_adapter/share/roboclaw_tcp_adapter/hook/pythonpath_develop.ps1'
[2.075s] DEBUG:colcon.colcon_core.event_handler.log_command:Invoked command in '/host_ws/build/roboclaw_tcp_adapter' returned '0': PYTHONPATH=/host_ws/build/roboclaw_tcp_adapter/prefix_override:/usr/lib/python3/dist-packages/colcon_core/task/python/colcon_distutils_commands:/host_ws/install/roboclaw_tcp_adapter/lib/python3.12/site-packages:${PYTHONPATH} /usr/bin/python3 -W ignore:setup.py install is deprecated -W ignore:easy_install command is deprecated setup.py develop --editable --build-directory /host_ws/build/roboclaw_tcp_adapter/build --no-deps symlink_data
[2.076s] INFO:colcon.colcon_core.shell:Creating environment descriptor '/host_ws/build/roboclaw_tcp_adapter/share/roboclaw_tcp_adapter/hook/pythonpath_develop.dsv'
[2.076s] INFO:colcon.colcon_core.shell:Creating environment hook '/host_ws/build/roboclaw_tcp_adapter/share/roboclaw_tcp_adapter/hook/pythonpath_develop.sh'
[2.080s] Level 1:colcon.colcon_core.environment:checking '/host_ws/install/roboclaw_tcp_adapter' for CMake module files
[2.081s] Level 1:colcon.colcon_core.environment:checking '/host_ws/install/roboclaw_tcp_adapter' for CMake config files
[2.082s] Level 1:colcon.colcon_core.environment:checking '/host_ws/install/roboclaw_tcp_adapter/lib'
[2.082s] Level 1:colcon.colcon_core.environment:checking '/host_ws/install/roboclaw_tcp_adapter/bin'
[2.082s] Level 1:colcon.colcon_core.environment:checking '/host_ws/install/roboclaw_tcp_adapter/lib/pkgconfig/roboclaw_tcp_adapter.pc'
[2.083s] Level 1:colcon.colcon_core.environment:checking '/host_ws/install/roboclaw_tcp_adapter/lib/python3.12/site-packages'
[2.083s] Level 1:colcon.colcon_core.shell:create_environment_hook('roboclaw_tcp_adapter', 'pythonpath')
[2.083s] INFO:colcon.colcon_core.shell:Creating environment hook '/host_ws/install/roboclaw_tcp_adapter/share/roboclaw_tcp_adapter/hook/pythonpath.ps1'
[2.084s] INFO:colcon.colcon_core.shell:Creating environment descriptor '/host_ws/install/roboclaw_tcp_adapter/share/roboclaw_tcp_adapter/hook/pythonpath.dsv'
[2.084s] INFO:colcon.colcon_core.shell:Creating environment hook '/host_ws/install/roboclaw_tcp_adapter/share/roboclaw_tcp_adapter/hook/pythonpath.sh'
[2.085s] Level 1:colcon.colcon_core.environment:checking '/host_ws/install/roboclaw_tcp_adapter/bin'
[2.085s] Level 1:colcon.colcon_core.environment:create_environment_scripts_only(roboclaw_tcp_adapter)
[2.085s] INFO:colcon.colcon_core.shell:Creating package script '/host_ws/install/roboclaw_tcp_adapter/share/roboclaw_tcp_adapter/package.ps1'
[2.087s] INFO:colcon.colcon_core.shell:Creating package descriptor '/host_ws/install/roboclaw_tcp_adapter/share/roboclaw_tcp_adapter/package.dsv'
[2.087s] INFO:colcon.colcon_core.shell:Creating package script '/host_ws/install/roboclaw_tcp_adapter/share/roboclaw_tcp_adapter/package.sh'
[2.088s] INFO:colcon.colcon_core.shell:Creating package script '/host_ws/install/roboclaw_tcp_adapter/share/roboclaw_tcp_adapter/package.bash'
[2.089s] INFO:colcon.colcon_core.shell:Creating package script '/host_ws/install/roboclaw_tcp_adapter/share/roboclaw_tcp_adapter/package.zsh'
[2.090s] Level 1:colcon.colcon_core.environment:create_file_with_runtime_dependencies(/host_ws/install/roboclaw_tcp_adapter/share/colcon-core/packages/roboclaw_tcp_adapter)
[3.096s] DEBUG:colcon.colcon_core.event_handler.log_command:Invoked command in '/host_ws/build/basicmicro_ros2' returned '0': CMAKE_PREFIX_PATH=/opt/ros/jazzy /usr/bin/cmake /host_ws/src/basicmicro_ros2 -DAMENT_CMAKE_SYMLINK_INSTALL=1 -DCMAKE_INSTALL_PREFIX=/host_ws/install/basicmicro_ros2
[3.097s] DEBUG:colcon.colcon_core.event_handler.log_command:Invoking command in '/host_ws/build/basicmicro_ros2': CMAKE_PREFIX_PATH=/opt/ros/jazzy /usr/bin/cmake --build /host_ws/build/basicmicro_ros2 -- -j8 -l8
[33.521s] DEBUG:colcon.colcon_core.event_handler.log_command:Invoked command in '/host_ws/build/basicmicro_ros2' returned '0': CMAKE_PREFIX_PATH=/opt/ros/jazzy /usr/bin/cmake --build /host_ws/build/basicmicro_ros2 -- -j8 -l8
[33.532s] DEBUG:colcon.colcon_core.event_handler.log_command:Invoking command in '/host_ws/build/basicmicro_ros2': CMAKE_PREFIX_PATH=/opt/ros/jazzy /usr/bin/cmake --install /host_ws/build/basicmicro_ros2
[33.774s] Level 1:colcon.colcon_core.environment:create_environment_scripts_only(basicmicro_ros2)
[33.774s] Level 1:colcon.colcon_core.environment:checking '/host_ws/install/basicmicro_ros2' for CMake module files
[33.775s] DEBUG:colcon.colcon_core.event_handler.log_command:Invoked command in '/host_ws/build/basicmicro_ros2' returned '0': CMAKE_PREFIX_PATH=/opt/ros/jazzy /usr/bin/cmake --install /host_ws/build/basicmicro_ros2
[33.776s] Level 1:colcon.colcon_core.environment:checking '/host_ws/install/basicmicro_ros2' for CMake config files
[33.778s] Level 1:colcon.colcon_core.shell:create_environment_hook('basicmicro_ros2', 'cmake_prefix_path')
[33.778s] INFO:colcon.colcon_core.shell:Creating environment hook '/host_ws/install/basicmicro_ros2/share/basicmicro_ros2/hook/cmake_prefix_path.ps1'
[33.779s] INFO:colcon.colcon_core.shell:Creating environment descriptor '/host_ws/install/basicmicro_ros2/share/basicmicro_ros2/hook/cmake_prefix_path.dsv'
[33.779s] INFO:colcon.colcon_core.shell:Creating environment hook '/host_ws/install/basicmicro_ros2/share/basicmicro_ros2/hook/cmake_prefix_path.sh'
[33.780s] Level 1:colcon.colcon_core.environment:checking '/host_ws/install/basicmicro_ros2/lib'
[33.780s] Level 1:colcon.colcon_core.shell:create_environment_hook('basicmicro_ros2', 'ld_library_path_lib')
[33.780s] INFO:colcon.colcon_core.shell:Creating environment hook '/host_ws/install/basicmicro_ros2/share/basicmicro_ros2/hook/ld_library_path_lib.ps1'
[33.780s] INFO:colcon.colcon_core.shell:Creating environment descriptor '/host_ws/install/basicmicro_ros2/share/basicmicro_ros2/hook/ld_library_path_lib.dsv'
[33.781s] INFO:colcon.colcon_core.shell:Creating environment hook '/host_ws/install/basicmicro_ros2/share/basicmicro_ros2/hook/ld_library_path_lib.sh'
[33.781s] Level 1:colcon.colcon_core.environment:checking '/host_ws/install/basicmicro_ros2/bin'
[33.781s] Level 1:colcon.colcon_core.environment:checking '/host_ws/install/basicmicro_ros2/lib/pkgconfig/basicmicro_ros2.pc'
[33.782s] Level 1:colcon.colcon_core.environment:checking '/host_ws/install/basicmicro_ros2/lib/python3.12/site-packages'
[33.782s] Level 1:colcon.colcon_core.shell:create_environment_hook('basicmicro_ros2', 'pythonpath')
[33.782s] INFO:colcon.colcon_core.shell:Creating environment hook '/host_ws/install/basicmicro_ros2/share/basicmicro_ros2/hook/pythonpath.ps1'
[33.783s] INFO:colcon.colcon_core.shell:Creating environment descriptor '/host_ws/install/basicmicro_ros2/share/basicmicro_ros2/hook/pythonpath.dsv'
[33.783s] INFO:colcon.colcon_core.shell:Creating environment hook '/host_ws/install/basicmicro_ros2/share/basicmicro_ros2/hook/pythonpath.sh'
[33.784s] Level 1:colcon.colcon_core.environment:checking '/host_ws/install/basicmicro_ros2/bin'
[33.784s] INFO:colcon.colcon_core.shell:Creating package script '/host_ws/install/basicmicro_ros2/share/basicmicro_ros2/package.ps1'
[33.785s] INFO:colcon.colcon_core.shell:Creating package descriptor '/host_ws/install/basicmicro_ros2/share/basicmicro_ros2/package.dsv'
[33.786s] INFO:colcon.colcon_core.shell:Creating package script '/host_ws/install/basicmicro_ros2/share/basicmicro_ros2/package.sh'
[33.786s] INFO:colcon.colcon_core.shell:Creating package script '/host_ws/install/basicmicro_ros2/share/basicmicro_ros2/package.bash'
[33.787s] INFO:colcon.colcon_core.shell:Creating package script '/host_ws/install/basicmicro_ros2/share/basicmicro_ros2/package.zsh'
[33.787s] Level 1:colcon.colcon_core.environment:create_file_with_runtime_dependencies(/host_ws/install/basicmicro_ros2/share/colcon-core/packages/basicmicro_ros2)
[33.788s] Level 1:colcon.colcon_core.environment:create_environment_scripts_only(basicmicro_ros2)
[33.788s] Level 1:colcon.colcon_core.environment:checking '/host_ws/install/basicmicro_ros2' for CMake module files
[33.789s] Level 1:colcon.colcon_core.environment:checking '/host_ws/install/basicmicro_ros2' for CMake config files
[33.790s] Level 1:colcon.colcon_core.shell:create_environment_hook('basicmicro_ros2', 'cmake_prefix_path')
[33.791s] INFO:colcon.colcon_core.shell:Creating environment hook '/host_ws/install/basicmicro_ros2/share/basicmicro_ros2/hook/cmake_prefix_path.ps1'
[33.791s] INFO:colcon.colcon_core.shell:Creating environment descriptor '/host_ws/install/basicmicro_ros2/share/basicmicro_ros2/hook/cmake_prefix_path.dsv'
[33.791s] INFO:colcon.colcon_core.shell:Creating environment hook '/host_ws/install/basicmicro_ros2/share/basicmicro_ros2/hook/cmake_prefix_path.sh'
[33.792s] Level 1:colcon.colcon_core.environment:checking '/host_ws/install/basicmicro_ros2/lib'
[33.792s] Level 1:colcon.colcon_core.shell:create_environment_hook('basicmicro_ros2', 'ld_library_path_lib')
[33.792s] INFO:colcon.colcon_core.shell:Creating environment hook '/host_ws/install/basicmicro_ros2/share/basicmicro_ros2/hook/ld_library_path_lib.ps1'
[33.793s] INFO:colcon.colcon_core.shell:Creating environment descriptor '/host_ws/install/basicmicro_ros2/share/basicmicro_ros2/hook/ld_library_path_lib.dsv'
[33.793s] INFO:colcon.colcon_core.shell:Creating environment hook '/host_ws/install/basicmicro_ros2/share/basicmicro_ros2/hook/ld_library_path_lib.sh'
[33.794s] Level 1:colcon.colcon_core.environment:checking '/host_ws/install/basicmicro_ros2/bin'
[33.794s] Level 1:colcon.colcon_core.environment:checking '/host_ws/install/basicmicro_ros2/lib/pkgconfig/basicmicro_ros2.pc'
[33.794s] Level 1:colcon.colcon_core.environment:checking '/host_ws/install/basicmicro_ros2/lib/python3.12/site-packages'
[33.794s] Level 1:colcon.colcon_core.shell:create_environment_hook('basicmicro_ros2', 'pythonpath')
[33.794s] INFO:colcon.colcon_core.shell:Creating environment hook '/host_ws/install/basicmicro_ros2/share/basicmicro_ros2/hook/pythonpath.ps1'
[33.795s] INFO:colcon.colcon_core.shell:Creating environment descriptor '/host_ws/install/basicmicro_ros2/share/basicmicro_ros2/hook/pythonpath.dsv'
[33.795s] INFO:colcon.colcon_core.shell:Creating environment hook '/host_ws/install/basicmicro_ros2/share/basicmicro_ros2/hook/pythonpath.sh'
[33.796s] Level 1:colcon.colcon_core.environment:checking '/host_ws/install/basicmicro_ros2/bin'
[33.796s] INFO:colcon.colcon_core.shell:Creating package script '/host_ws/install/basicmicro_ros2/share/basicmicro_ros2/package.ps1'
[33.797s] INFO:colcon.colcon_core.shell:Creating package descriptor '/host_ws/install/basicmicro_ros2/share/basicmicro_ros2/package.dsv'
[33.797s] INFO:colcon.colcon_core.shell:Creating package script '/host_ws/install/basicmicro_ros2/share/basicmicro_ros2/package.sh'
[33.798s] INFO:colcon.colcon_core.shell:Creating package script '/host_ws/install/basicmicro_ros2/share/basicmicro_ros2/package.bash'
[33.798s] INFO:colcon.colcon_core.shell:Creating package script '/host_ws/install/basicmicro_ros2/share/basicmicro_ros2/package.zsh'
[33.799s] Level 1:colcon.colcon_core.environment:create_file_with_runtime_dependencies(/host_ws/install/basicmicro_ros2/share/colcon-core/packages/basicmicro_ros2)
[33.799s] DEBUG:colcon.colcon_parallel_executor.executor.parallel:closing loop
[33.800s] DEBUG:colcon.colcon_parallel_executor.executor.parallel:loop closed
[33.800s] DEBUG:colcon.colcon_parallel_executor.executor.parallel:run_until_complete finished with '0'
[33.800s] DEBUG:colcon.colcon_core.event_reactor:joining thread
[33.807s] INFO:colcon.colcon_core.plugin_system:Skipping extension 'colcon_notification.desktop_notification.notify_send': Could not find 'notify-send'
[33.808s] INFO:colcon.colcon_core.plugin_system:Skipping extension 'colcon_notification.desktop_notification.terminal_notifier': Not used on non-Darwin systems
[33.808s] INFO:colcon.colcon_core.plugin_system:Skipping extension 'colcon_notification.desktop_notification.win32': Not used on non-Windows systems
[33.808s] INFO:colcon.colcon_notification.desktop_notification:Sending desktop notification using 'notify2'
[33.808s] DEBUG:colcon.colcon_notification.desktop_notification.notify2:Failed to initialize notify2: org.freedesktop.DBus.Error.NotSupported: Unable to autolaunch a dbus-daemon without a $DISPLAY for X11
[33.808s] DEBUG:colcon.colcon_core.event_reactor:joined thread
[33.808s] INFO:colcon.colcon_core.shell:Creating prefix script '/host_ws/install/local_setup.ps1'
[33.809s] INFO:colcon.colcon_core.shell:Creating prefix util module '/host_ws/install/_local_setup_util_ps1.py'
[33.811s] INFO:colcon.colcon_core.shell:Creating prefix chain script '/host_ws/install/setup.ps1'
[33.812s] INFO:colcon.colcon_core.shell:Creating prefix script '/host_ws/install/local_setup.sh'
[33.813s] INFO:colcon.colcon_core.shell:Creating prefix util module '/host_ws/install/_local_setup_util_sh.py'
[33.814s] INFO:colcon.colcon_core.shell:Creating prefix chain script '/host_ws/install/setup.sh'
[33.815s] INFO:colcon.colcon_core.shell:Creating prefix script '/host_ws/install/local_setup.bash'
[33.817s] INFO:colcon.colcon_core.shell:Creating prefix chain script '/host_ws/install/setup.bash'
[33.818s] INFO:colcon.colcon_core.shell:Creating prefix script '/host_ws/install/local_setup.zsh'
[33.818s] INFO:colcon.colcon_core.shell:Creating prefix chain script '/host_ws/install/setup.zsh'
